{"timestamp": "2025-09-22 22:53:28", "level": "ERROR", "logger": "ritsu.main", "message": "Fatal error in run loop", "module": "main", "function": "run", "line": 573, "exception": "Traceback (most recent call last):\n  File \"d:\\Du lieu o C\\Desktop\\The_Ritsu\\main.py\", line 536, in run\n    done, pending = await asyncio.wait(tasks.values(), return_when=asyncio.FIRST_COMPLETED)\n                    ^^^^^^^^^^^^^^^^^^^^^^^^^^^^^^^^^^^^^^^^^^^^^^^^^^^^^^^^^^^^^^^^^^^^^^^\n  File \"D:\\Coding ooo\\Lib\\asyncio\\tasks.py\", line 441, in wait\n    raise ValueError('Set of Tasks/Futures is empty.')\nValueError: Set of Tasks/Futures is empty."}
{"timestamp": "2025-09-23 17:34:03", "level": "ERROR", "logger": "ritsu.main", "message": "Fatal error in run loop", "module": "main", "function": "run", "line": 573, "exception": "Traceback (most recent call last):\n  File \"d:\\Du lieu o C\\Desktop\\The_Ritsu\\main.py\", line 536, in run\n    done, pending = await asyncio.wait(tasks.values(), return_when=asyncio.FIRST_COMPLETED)\n                    ^^^^^^^^^^^^^^^^^^^^^^^^^^^^^^^^^^^^^^^^^^^^^^^^^^^^^^^^^^^^^^^^^^^^^^^\n  File \"D:\\Coding ooo\\Lib\\asyncio\\tasks.py\", line 441, in wait\n    raise ValueError('Set of Tasks/Futures is empty.')\nValueError: Set of Tasks/Futures is empty."}
{"timestamp": "2025-09-23 17:46:58", "level": "ERROR", "logger": "ritsu.main", "message": "Fatal error in run loop", "module": "main", "function": "run", "line": 573, "exception": "Traceback (most recent call last):\n  File \"d:\\Du lieu o C\\Desktop\\The_Ritsu\\main.py\", line 536, in run\n    done, pending = await asyncio.wait(tasks.values(), return_when=asyncio.FIRST_COMPLETED)\n                    ^^^^^^^^^^^^^^^^^^^^^^^^^^^^^^^^^^^^^^^^^^^^^^^^^^^^^^^^^^^^^^^^^^^^^^^\n  File \"D:\\Coding ooo\\Lib\\asyncio\\tasks.py\", line 441, in wait\n    raise ValueError('Set of Tasks/Futures is empty.')\nValueError: Set of Tasks/Futures is empty."}
{"timestamp": "2025-09-25 12:32:43", "level": "ERROR", "logger": "ritsu.main", "message": "Unhandled exception at top-level", "module": "main", "function": "main", "line": 783, "exception": "Traceback (most recent call last):\n  File \"d:\\Du lieu o C\\Desktop\\The_Ritsu\\main.py\", line 779, in main\n    exit_code = asyncio.run(run(sys.argv[1:]))\n  File \"D:\\Coding ooo\\Lib\\asyncio\\runners.py\", line 195, in run\n    return runner.run(main)\n           ~~~~~~~~~~^^^^^^\n  File \"D:\\Coding ooo\\Lib\\asyncio\\runners.py\", line 118, in run\n    return self._loop.run_until_complete(task)\n           ~~~~~~~~~~~~~~~~~~~~~~~~~~~~~^^^^^^\n  File \"D:\\Coding ooo\\Lib\\asyncio\\base_events.py\", line 725, in run_until_complete\n    return future.result()\n           ~~~~~~~~~~~~~^^\n  File \"d:\\Du lieu o C\\Desktop\\The_Ritsu\\main.py\", line 701, in run\n    tasks[\"maintenance\"] = asyncio.create_task(maintenance_loop(ctx), name=\"maintenance_loop\")\n    ^^^^^\nUnboundLocalError: cannot access local variable 'tasks' where it is not associated with a value"}
{"timestamp": "2025-09-26 15:29:53", "level": "ERROR", "logger": "ritsu.main", "message": "Unhandled exception at top-level", "module": "main", "function": "main", "line": 783, "exception": "Traceback (most recent call last):\n  File \"d:\\Du lieu o C\\Desktop\\The_Ritsu\\main.py\", line 779, in main\n    exit_code = asyncio.run(run(sys.argv[1:]))\n  File \"D:\\Coding ooo\\Lib\\asyncio\\runners.py\", line 195, in run\n    return runner.run(main)\n           ~~~~~~~~~~^^^^^^\n  File \"D:\\Coding ooo\\Lib\\asyncio\\runners.py\", line 118, in run\n    return self._loop.run_until_complete(task)\n           ~~~~~~~~~~~~~~~~~~~~~~~~~~~~~^^^^^^\n  File \"D:\\Coding ooo\\Lib\\asyncio\\base_events.py\", line 725, in run_until_complete\n    return future.result()\n           ~~~~~~~~~~~~~^^\n  File \"d:\\Du lieu o C\\Desktop\\The_Ritsu\\main.py\", line 701, in run\n    tasks[\"maintenance\"] = asyncio.create_task(maintenance_loop(ctx), name=\"maintenance_loop\")\n    ^^^^^\nUnboundLocalError: cannot access local variable 'tasks' where it is not associated with a value"}
{"timestamp": "2025-09-30 17:57:58", "level": "ERROR", "logger": "ritsu.main", "message": "Core components missing; cannot start core loop", "module": "main", "function": "run", "line": 735}
{"timestamp": "2025-09-30 17:58:09", "level": "ERROR", "logger": "ritsu.main", "message": "Core components missing; cannot start core loop", "module": "main", "function": "run", "line": 735}
{"timestamp": "2025-09-30 18:02:32", "level": "ERROR", "logger": "ritsu.main", "message": "Core components missing; cannot start core loop", "module": "main", "function": "run", "line": 735}
{"timestamp": "2025-09-30 18:14:33", "level": "ERROR", "logger": "ritsu.main", "message": "Core components missing: event_manager, planner, executor, output_manager; cannot start core loop", "module": "main", "function": "run", "line": 740}
{"timestamp": "2025-09-30 19:15:13", "level": "ERROR", "logger": "ritsu.main", "message": "Core components missing: event_manager, planner, executor, output_manager; cannot start core loop", "module": "main", "function": "run", "line": 747}
{"timestamp": "2025-09-30 19:24:59", "level": "ERROR", "logger": "__main__", "message": "Core components missing: event_manager, planner, executor, output_manager; cannot start core loop", "module": "main", "function": "run", "line": 759}
{"timestamp": "2025-09-30 19:31:17", "level": "ERROR", "logger": "__main__", "message": "Core components missing: executor; cannot start core loop", "module": "main", "function": "run", "line": 759}
{"timestamp": "2025-10-01 17:26:19", "level": "ERROR", "logger": "__main__", "message": "Core loop iteration error", "module": "main", "function": "core_loop", "line": 522, "exception": "Traceback (most recent call last):\n  File \"d:\\Du lieu o C\\Desktop\\The_Ritsu\\main.py\", line 482, in core_loop\n    enriched_event = await enrich_event(ctx, event)\n                     ^^^^^^^^^^^^^^^^^^^^^^^^^^^^^^\n  File \"d:\\Du lieu o C\\Desktop\\The_Ritsu\\main.py\", line 548, in enrich_event\n    enriched[\"user_patterns\"] = await ctx.memory.get_user_patterns()\n                                      ^^^^^^^^^^^^^^^^^^^^^^^^^^^^\nAttributeError: 'MemoryManager' object has no attribute 'get_user_patterns'"}
{"timestamp": "2025-10-01 17:27:38", "level": "ERROR", "logger": "__main__", "message": "Core loop iteration error", "module": "main", "function": "core_loop", "line": 522, "exception": "Traceback (most recent call last):\n  File \"d:\\Du lieu o C\\Desktop\\The_Ritsu\\main.py\", line 482, in core_loop\n    enriched_event = await enrich_event(ctx, event)\n                     ^^^^^^^^^^^^^^^^^^^^^^^^^^^^^^\n  File \"d:\\Du lieu o C\\Desktop\\The_Ritsu\\main.py\", line 548, in enrich_event\n    enriched[\"user_patterns\"] = await ctx.memory.get_user_patterns()\n                                      ^^^^^^^^^^^^^^^^^^^^^^^^^^^^\nAttributeError: 'MemoryManager' object has no attribute 'get_user_patterns'"}
{"timestamp": "2025-10-01 17:32:09", "level": "ERROR", "logger": "__main__", "message": "Core loop iteration error", "module": "main", "function": "core_loop", "line": 522, "exception": "Traceback (most recent call last):\n  File \"d:\\Du lieu o C\\Desktop\\The_Ritsu\\main.py\", line 482, in core_loop\n    enriched_event = await enrich_event(ctx, event)\n                     ^^^^^^^^^^^^^^^^^^^^^^^^^^^^^^\n  File \"d:\\Du lieu o C\\Desktop\\The_Ritsu\\main.py\", line 548, in enrich_event\n    enriched[\"user_patterns\"] = await ctx.memory.get_user_patterns()\n                                      ^^^^^^^^^^^^^^^^^^^^^^^^^^^^\nAttributeError: 'MemoryManager' object has no attribute 'get_user_patterns'"}
{"timestamp": "2025-10-01 17:32:24", "level": "ERROR", "logger": "__main__", "message": "Core loop iteration error", "module": "main", "function": "core_loop", "line": 522, "exception": "Traceback (most recent call last):\n  File \"d:\\Du lieu o C\\Desktop\\The_Ritsu\\main.py\", line 483, in core_loop\n    ctx.event_manager.handle(enriched_event)\n    ^^^^^^^^^^^^^^^^^^^^^^^^\nAttributeError: 'EventManager' object has no attribute 'handle'"}
{"timestamp": "2025-10-01 18:32:20", "level": "ERROR", "logger": "__main__", "message": "Maintenance loop crashed", "module": "main", "function": "maintenance_loop", "line": 450, "exception": "Traceback (most recent call last):\n  File \"d:\\Du lieu o C\\Desktop\\The_Ritsu\\main.py\", line 441, in maintenance_loop\n    await ctx.kb.auto_update()\n          ^^^^^^^^^^^^^^^^^^\nAttributeError: 'KnowledgeBase' object has no attribute 'auto_update'"}
{"timestamp": "2025-10-03 21:51:27", "level": "ERROR", "logger": "__main__", "message": "Core loop iteration error", "module": "main", "function": "core_loop", "line": 524, "exception": "Traceback (most recent call last):\n  File \"d:\\Du lieu o C\\Desktop\\The_Ritsu\\main.py\", line 489, in core_loop\n    plan = ctx.planner.decide(enriched_event, system_context=system_status)\nTypeError: Planner.decide() got an unexpected keyword argument 'system_context'"}
{"timestamp": "2025-10-03 22:51:22", "level": "ERROR", "logger": "__main__", "message": "Maintenance loop crashed", "module": "main", "function": "maintenance_loop", "line": 450, "exception": "Traceback (most recent call last):\n  File \"d:\\Du lieu o C\\Desktop\\The_Ritsu\\main.py\", line 441, in maintenance_loop\n    await ctx.kb.auto_update()\n          ^^^^^^^^^^^^^^^^^^\nAttributeError: 'KnowledgeBase' object has no attribute 'auto_update'"}
{"timestamp": "2025-10-06 16:49:07", "level": "ERROR", "logger": "__main__", "message": "Core loop iteration error", "module": "main", "function": "core_loop", "line": 524, "exception": "Traceback (most recent call last):\n  File \"d:\\Du lieu o C\\Desktop\\The_Ritsu\\main.py\", line 489, in core_loop\n    plan = ctx.planner.decide(enriched_event, system_context=system_status)\nTypeError: Planner.decide() got an unexpected keyword argument 'system_context'"}
{"timestamp": "2025-10-06 17:48:58", "level": "ERROR", "logger": "__main__", "message": "Maintenance loop crashed", "module": "main", "function": "maintenance_loop", "line": 450, "exception": "Traceback (most recent call last):\n  File \"d:\\Du lieu o C\\Desktop\\The_Ritsu\\main.py\", line 441, in maintenance_loop\n    await ctx.kb.auto_update()\n          ^^^^^^^^^^^^^^^^^^\nAttributeError: 'KnowledgeBase' object has no attribute 'auto_update'"}
{"timestamp": "2025-10-07 12:52:39", "level": "ERROR", "logger": "__main__", "message": "Unhandled exception at top-level", "module": "main", "function": "main", "line": 900, "exception": "Traceback (most recent call last):\n  File \"d:\\Du lieu o C\\Desktop\\The_Ritsu\\main.py\", line 249, in safe_init\n    return cls()\nTypeError: 'NoneType' object is not callable\n\nDuring handling of the above exception, another exception occurred:\n\nTraceback (most recent call last):\n  File \"d:\\Du lieu o C\\Desktop\\The_Ritsu\\main.py\", line 896, in main\n    exit_code = asyncio.run(run(sys.argv[1:]))\n  File \"D:\\Coding ooo\\Lib\\asyncio\\runners.py\", line 195, in run\n    return runner.run(main)\n           ~~~~~~~~~~^^^^^^\n  File \"D:\\Coding ooo\\Lib\\asyncio\\runners.py\", line 118, in run\n    return self._loop.run_until_complete(task)\n           ~~~~~~~~~~~~~~~~~~~~~~~~~~~~~^^^^^^\n  File \"D:\\Coding ooo\\Lib\\asyncio\\base_events.py\", line 725, in run_until_complete\n    return future.result()\n           ~~~~~~~~~~~~~^^\n  File \"d:\\Du lieu o C\\Desktop\\The_Ritsu\\main.py\", line 782, in run\n    ctx = await bootstrap(args.get(\"config\"))\n          ^^^^^^^^^^^^^^^^^^^^^^^^^^^^^^^^^^^\n  File \"d:\\Du lieu o C\\Desktop\\The_Ritsu\\main.py\", line 317, in bootstrap\n    llm = safe_init(RitsuLLM, model=\"llama3.2:3b\")\n  File \"d:\\Du lieu o C\\Desktop\\The_Ritsu\\main.py\", line 252, in safe_init\n    get_logger.warning(f\"Failed to initialize {cls.__name__}: {e}\")\n    ^^^^^^^^^^^^^^^^^^\nAttributeError: 'function' object has no attribute 'warning'"}
{"timestamp": "2025-10-07 14:55:46", "level": "ERROR", "logger": "__main__", "message": "Unhandled exception at top-level", "module": "main", "function": "main", "line": 904, "exception": "Traceback (most recent call last):\n  File \"d:\\Du lieu o C\\Desktop\\The_Ritsu\\main.py\", line 900, in main\n    exit_code = asyncio.run(run(sys.argv[1:]))\n  File \"D:\\Coding ooo\\Lib\\asyncio\\runners.py\", line 195, in run\n    return runner.run(main)\n           ~~~~~~~~~~^^^^^^\n  File \"D:\\Coding ooo\\Lib\\asyncio\\runners.py\", line 118, in run\n    return self._loop.run_until_complete(task)\n           ~~~~~~~~~~~~~~~~~~~~~~~~~~~~~^^^^^^\n  File \"D:\\Coding ooo\\Lib\\asyncio\\base_events.py\", line 725, in run_until_complete\n    return future.result()\n           ~~~~~~~~~~~~~^^\n  File \"d:\\Du lieu o C\\Desktop\\The_Ritsu\\main.py\", line 786, in run\n    ctx = await bootstrap(args.get(\"config\"))\n          ^^^^^^^^^^^^^^^^^^^^^^^^^^^^^^^^^^^\n  File \"d:\\Du lieu o C\\Desktop\\The_Ritsu\\main.py\", line 332, in bootstrap\n    ctx.troubleshooter = safe_init(Troubleshooter)\n                         ~~~~~~~~~^^^^^^^^^^^^^^^^\n  File \"d:\\Du lieu o C\\Desktop\\The_Ritsu\\main.py\", line 227, in safe_init\n    logger = get_logger() if callable(get_logger) else get_logger\n             ~~~~~~~~~~^^\nTypeError: get_logger() missing 1 required positional argument: 'name'"}
{"timestamp": "2025-10-07 14:58:01", "level": "ERROR", "logger": "__main__", "message": "Unhandled exception at top-level", "module": "main", "function": "main", "line": 904, "exception": "Traceback (most recent call last):\n  File \"d:\\Du lieu o C\\Desktop\\The_Ritsu\\main.py\", line 900, in main\n    exit_code = asyncio.run(run(sys.argv[1:]))\n  File \"D:\\Coding ooo\\Lib\\asyncio\\runners.py\", line 195, in run\n    return runner.run(main)\n           ~~~~~~~~~~^^^^^^\n  File \"D:\\Coding ooo\\Lib\\asyncio\\runners.py\", line 118, in run\n    return self._loop.run_until_complete(task)\n           ~~~~~~~~~~~~~~~~~~~~~~~~~~~~~^^^^^^\n  File \"D:\\Coding ooo\\Lib\\asyncio\\base_events.py\", line 725, in run_until_complete\n    return future.result()\n           ~~~~~~~~~~~~~^^\n  File \"d:\\Du lieu o C\\Desktop\\The_Ritsu\\main.py\", line 786, in run\n    ctx = await bootstrap(args.get(\"config\"))\n          ^^^^^^^^^^^^^^^^^^^^^^^^^^^^^^^^^^^\n  File \"d:\\Du lieu o C\\Desktop\\The_Ritsu\\main.py\", line 332, in bootstrap\n    ctx.troubleshooter = safe_init(Troubleshooter)\n                         ~~~~~~~~~^^^^^^^^^^^^^^^^\n  File \"d:\\Du lieu o C\\Desktop\\The_Ritsu\\main.py\", line 227, in safe_init\n    logger = get_logger() if callable(get_logger) else get_logger\n             ~~~~~~~~~~^^\nTypeError: get_logger() missing 1 required positional argument: 'name'"}
{"timestamp": "2025-10-07 14:58:48", "level": "ERROR", "logger": "__main__", "message": "Unhandled exception at top-level", "module": "main", "function": "main", "line": 904, "exception": "Traceback (most recent call last):\n  File \"d:\\Du lieu o C\\Desktop\\The_Ritsu\\main.py\", line 900, in main\n    exit_code = asyncio.run(run(sys.argv[1:]))\n  File \"D:\\Coding ooo\\Lib\\asyncio\\runners.py\", line 195, in run\n    return runner.run(main)\n           ~~~~~~~~~~^^^^^^\n  File \"D:\\Coding ooo\\Lib\\asyncio\\runners.py\", line 118, in run\n    return self._loop.run_until_complete(task)\n           ~~~~~~~~~~~~~~~~~~~~~~~~~~~~~^^^^^^\n  File \"D:\\Coding ooo\\Lib\\asyncio\\base_events.py\", line 725, in run_until_complete\n    return future.result()\n           ~~~~~~~~~~~~~^^\n  File \"d:\\Du lieu o C\\Desktop\\The_Ritsu\\main.py\", line 786, in run\n    ctx = await bootstrap(args.get(\"config\"))\n          ^^^^^^^^^^^^^^^^^^^^^^^^^^^^^^^^^^^\n  File \"d:\\Du lieu o C\\Desktop\\The_Ritsu\\main.py\", line 332, in bootstrap\n    ctx.troubleshooter = safe_init(Troubleshooter)\n                         ~~~~~~~~~^^^^^^^^^^^^^^^^\n  File \"d:\\Du lieu o C\\Desktop\\The_Ritsu\\main.py\", line 227, in safe_init\n    logger = get_logger() if callable(get_logger) else get_logger\n             ~~~~~~~~~~^^\nTypeError: get_logger() missing 1 required positional argument: 'name'"}
{"timestamp": "2025-10-07 15:01:52", "level": "ERROR", "logger": "__main__", "message": "Unhandled exception at top-level", "module": "main", "function": "main", "line": 904, "exception": "Traceback (most recent call last):\n  File \"d:\\Du lieu o C\\Desktop\\The_Ritsu\\main.py\", line 900, in main\n    exit_code = asyncio.run(run(sys.argv[1:]))\n  File \"D:\\Coding ooo\\Lib\\asyncio\\runners.py\", line 195, in run\n    return runner.run(main)\n           ~~~~~~~~~~^^^^^^\n  File \"D:\\Coding ooo\\Lib\\asyncio\\runners.py\", line 118, in run\n    return self._loop.run_until_complete(task)\n           ~~~~~~~~~~~~~~~~~~~~~~~~~~~~~^^^^^^\n  File \"D:\\Coding ooo\\Lib\\asyncio\\base_events.py\", line 725, in run_until_complete\n    return future.result()\n           ~~~~~~~~~~~~~^^\n  File \"d:\\Du lieu o C\\Desktop\\The_Ritsu\\main.py\", line 786, in run\n    ctx = await bootstrap(args.get(\"config\"))\n          ^^^^^^^^^^^^^^^^^^^^^^^^^^^^^^^^^^^\n  File \"d:\\Du lieu o C\\Desktop\\The_Ritsu\\main.py\", line 332, in bootstrap\n    ctx.troubleshooter = safe_init(Troubleshooter)\n                         ~~~~~~~~~^^^^^^^^^^^^^^^^\n  File \"d:\\Du lieu o C\\Desktop\\The_Ritsu\\main.py\", line 227, in safe_init\n    logger = get_logger() if callable(get_logger) else get_logger\n             ~~~~~~~~~~^^\nTypeError: get_logger() missing 1 required positional argument: 'name'"}
{"timestamp": "2025-10-07 15:04:03", "level": "ERROR", "logger": "__main__", "message": "Unhandled exception at top-level", "module": "main", "function": "main", "line": 904, "exception": "Traceback (most recent call last):\n  File \"d:\\Du lieu o C\\Desktop\\The_Ritsu\\main.py\", line 900, in main\n    exit_code = asyncio.run(run(sys.argv[1:]))\n  File \"D:\\Coding ooo\\Lib\\asyncio\\runners.py\", line 195, in run\n    return runner.run(main)\n           ~~~~~~~~~~^^^^^^\n  File \"D:\\Coding ooo\\Lib\\asyncio\\runners.py\", line 118, in run\n    return self._loop.run_until_complete(task)\n           ~~~~~~~~~~~~~~~~~~~~~~~~~~~~~^^^^^^\n  File \"D:\\Coding ooo\\Lib\\asyncio\\base_events.py\", line 725, in run_until_complete\n    return future.result()\n           ~~~~~~~~~~~~~^^\n  File \"d:\\Du lieu o C\\Desktop\\The_Ritsu\\main.py\", line 786, in run\n    ctx = await bootstrap(args.get(\"config\"))\n          ^^^^^^^^^^^^^^^^^^^^^^^^^^^^^^^^^^^\n  File \"d:\\Du lieu o C\\Desktop\\The_Ritsu\\main.py\", line 332, in bootstrap\n    ctx.troubleshooter = safe_init(Troubleshooter)\n                         ~~~~~~~~~^^^^^^^^^^^^^^^^\n  File \"d:\\Du lieu o C\\Desktop\\The_Ritsu\\main.py\", line 227, in safe_init\n    logger = get_logger() if callable(get_logger) else get_logger\n             ~~~~~~~~~~^^\nTypeError: get_logger() missing 1 required positional argument: 'name'"}
{"timestamp": "2025-10-07 15:08:54", "level": "ERROR", "logger": "__main__", "message": "Unhandled exception at top-level", "module": "main", "function": "main", "line": 905, "exception": "Traceback (most recent call last):\n  File \"d:\\Du lieu o C\\Desktop\\The_Ritsu\\main.py\", line 901, in main\n    exit_code = asyncio.run(run(sys.argv[1:]))\n  File \"D:\\Coding ooo\\Lib\\asyncio\\runners.py\", line 195, in run\n    return runner.run(main)\n           ~~~~~~~~~~^^^^^^\n  File \"D:\\Coding ooo\\Lib\\asyncio\\runners.py\", line 118, in run\n    return self._loop.run_until_complete(task)\n           ~~~~~~~~~~~~~~~~~~~~~~~~~~~~~^^^^^^\n  File \"D:\\Coding ooo\\Lib\\asyncio\\base_events.py\", line 725, in run_until_complete\n    return future.result()\n           ~~~~~~~~~~~~~^^\n  File \"d:\\Du lieu o C\\Desktop\\The_Ritsu\\main.py\", line 787, in run\n    ctx = await bootstrap(args.get(\"config\"))\n          ^^^^^^^^^^^^^^^^^^^^^^^^^^^^^^^^^^^\n  File \"d:\\Du lieu o C\\Desktop\\The_Ritsu\\main.py\", line 333, in bootstrap\n    ctx.troubleshooter = safe_init(Troubleshooter)\n                         ~~~~~~~~~^^^^^^^^^^^^^^^^\n  File \"d:\\Du lieu o C\\Desktop\\The_Ritsu\\main.py\", line 228, in safe_init\n    logger = get_logger() if callable(get_logger) else get_logger\n             ~~~~~~~~~~^^\nTypeError: get_logger() missing 1 required positional argument: 'name'"}
{"timestamp": "2025-10-07 15:10:13", "level": "ERROR", "logger": "__main__", "message": "Unhandled exception at top-level", "module": "main", "function": "main", "line": 905, "exception": "Traceback (most recent call last):\n  File \"d:\\Du lieu o C\\Desktop\\The_Ritsu\\main.py\", line 901, in main\n    exit_code = asyncio.run(run(sys.argv[1:]))\n  File \"D:\\Coding ooo\\Lib\\asyncio\\runners.py\", line 195, in run\n    return runner.run(main)\n           ~~~~~~~~~~^^^^^^\n  File \"D:\\Coding ooo\\Lib\\asyncio\\runners.py\", line 118, in run\n    return self._loop.run_until_complete(task)\n           ~~~~~~~~~~~~~~~~~~~~~~~~~~~~~^^^^^^\n  File \"D:\\Coding ooo\\Lib\\asyncio\\base_events.py\", line 725, in run_until_complete\n    return future.result()\n           ~~~~~~~~~~~~~^^\n  File \"d:\\Du lieu o C\\Desktop\\The_Ritsu\\main.py\", line 787, in run\n    ctx = await bootstrap(args.get(\"config\"))\n          ^^^^^^^^^^^^^^^^^^^^^^^^^^^^^^^^^^^\n  File \"d:\\Du lieu o C\\Desktop\\The_Ritsu\\main.py\", line 333, in bootstrap\n    ctx.troubleshooter = safe_init(Troubleshooter)\n                         ~~~~~~~~~^^^^^^^^^^^^^^^^\n  File \"d:\\Du lieu o C\\Desktop\\The_Ritsu\\main.py\", line 228, in safe_init\n    logger = get_logger() if callable(get_logger) else get_logger\n             ~~~~~~~~~~^^\nTypeError: get_logger() missing 1 required positional argument: 'name'"}
{"timestamp": "2025-10-07 15:10:49", "level": "ERROR", "logger": "__main__", "message": "Unhandled exception at top-level", "module": "main", "function": "main", "line": 905, "exception": "Traceback (most recent call last):\n  File \"d:\\Du lieu o C\\Desktop\\The_Ritsu\\main.py\", line 901, in main\n    exit_code = asyncio.run(run(sys.argv[1:]))\n  File \"D:\\Coding ooo\\Lib\\asyncio\\runners.py\", line 195, in run\n    return runner.run(main)\n           ~~~~~~~~~~^^^^^^\n  File \"D:\\Coding ooo\\Lib\\asyncio\\runners.py\", line 118, in run\n    return self._loop.run_until_complete(task)\n           ~~~~~~~~~~~~~~~~~~~~~~~~~~~~~^^^^^^\n  File \"D:\\Coding ooo\\Lib\\asyncio\\base_events.py\", line 725, in run_until_complete\n    return future.result()\n           ~~~~~~~~~~~~~^^\n  File \"d:\\Du lieu o C\\Desktop\\The_Ritsu\\main.py\", line 787, in run\n    ctx = await bootstrap(args.get(\"config\"))\n          ^^^^^^^^^^^^^^^^^^^^^^^^^^^^^^^^^^^\n  File \"d:\\Du lieu o C\\Desktop\\The_Ritsu\\main.py\", line 333, in bootstrap\n    ctx.troubleshooter = safe_init(Troubleshooter)\n                         ~~~~~~~~~^^^^^^^^^^^^^^^^\n  File \"d:\\Du lieu o C\\Desktop\\The_Ritsu\\main.py\", line 228, in safe_init\n    logger = get_logger() if callable(get_logger) else get_logger\n             ~~~~~~~~~~^^\nTypeError: get_logger() missing 1 required positional argument: 'name'"}
{"timestamp": "2025-10-07 18:21:41", "level": "ERROR", "logger": "__main__", "message": "Unhandled exception at top-level", "module": "main", "function": "main", "line": 905, "exception": "Traceback (most recent call last):\n  File \"d:\\Du lieu o C\\Desktop\\The_Ritsu\\main.py\", line 901, in main\n    exit_code = asyncio.run(run(sys.argv[1:]))\n  File \"D:\\Coding ooo\\Lib\\asyncio\\runners.py\", line 195, in run\n    return runner.run(main)\n           ~~~~~~~~~~^^^^^^\n  File \"D:\\Coding ooo\\Lib\\asyncio\\runners.py\", line 118, in run\n    return self._loop.run_until_complete(task)\n           ~~~~~~~~~~~~~~~~~~~~~~~~~~~~~^^^^^^\n  File \"D:\\Coding ooo\\Lib\\asyncio\\base_events.py\", line 725, in run_until_complete\n    return future.result()\n           ~~~~~~~~~~~~~^^\n  File \"d:\\Du lieu o C\\Desktop\\The_Ritsu\\main.py\", line 787, in run\n    ctx = await bootstrap(args.get(\"config\"))\n          ^^^^^^^^^^^^^^^^^^^^^^^^^^^^^^^^^^^\n  File \"d:\\Du lieu o C\\Desktop\\The_Ritsu\\main.py\", line 333, in bootstrap\n    ctx.troubleshooter = safe_init(Troubleshooter)\n                         ~~~~~~~~~^^^^^^^^^^^^^^^^\n  File \"d:\\Du lieu o C\\Desktop\\The_Ritsu\\main.py\", line 228, in safe_init\n    logger = get_logger() if callable(get_logger) else get_logger\n             ~~~~~~~~~~^^\nTypeError: get_logger() missing 1 required positional argument: 'name'"}
{"timestamp": "2025-10-07 18:26:35", "level": "ERROR", "logger": "__main__", "message": "safe_init received None for cls", "module": "main", "function": "safe_init", "line": 229}
{"timestamp": "2025-10-07 18:26:35", "level": "ERROR", "logger": "__main__", "message": "Unhandled exception at top-level", "module": "main", "function": "main", "line": 905, "exception": "Traceback (most recent call last):\n  File \"d:\\Du lieu o C\\Desktop\\The_Ritsu\\main.py\", line 253, in safe_init\n    return cls()\nTypeError: 'str' object is not callable\n\nDuring handling of the above exception, another exception occurred:\n\nTraceback (most recent call last):\n  File \"d:\\Du lieu o C\\Desktop\\The_Ritsu\\main.py\", line 901, in main\n    exit_code = asyncio.run(run(sys.argv[1:]))\n  File \"D:\\Coding ooo\\Lib\\asyncio\\runners.py\", line 195, in run\n    return runner.run(main)\n           ~~~~~~~~~~^^^^^^\n  File \"D:\\Coding ooo\\Lib\\asyncio\\runners.py\", line 118, in run\n    return self._loop.run_until_complete(task)\n           ~~~~~~~~~~~~~~~~~~~~~~~~~~~~~^^^^^^\n  File \"D:\\Coding ooo\\Lib\\asyncio\\base_events.py\", line 725, in run_until_complete\n    return future.result()\n           ~~~~~~~~~~~~~^^\n  File \"d:\\Du lieu o C\\Desktop\\The_Ritsu\\main.py\", line 787, in run\n    ctx = await bootstrap(args.get(\"config\"))\n          ^^^^^^^^^^^^^^^^^^^^^^^^^^^^^^^^^^^\n  File \"d:\\Du lieu o C\\Desktop\\The_Ritsu\\main.py\", line 345, in bootstrap\n    ctx.calculator = safe_init(\"Calculator\", lambda: Calculator() if Calculator else None)\n                     ~~~~~~~~~^^^^^^^^^^^^^^^^^^^^^^^^^^^^^^^^^^^^^^^^^^^^^^^^^^^^^^^^^^^^\n  File \"d:\\Du lieu o C\\Desktop\\The_Ritsu\\main.py\", line 257, in safe_init\n    logger.warning(f\"Failed to initialize {cls.__name__}: {e}\")\n                                           ^^^^^^^^^^^^\nAttributeError: 'str' object has no attribute '__name__'. Did you mean: '__ne__'?"}
{"timestamp": "2025-10-07 18:29:37", "level": "ERROR", "logger": "__main__", "message": "safe_init received None for cls", "module": "main", "function": "safe_init", "line": 229}
{"timestamp": "2025-10-07 18:29:37", "level": "ERROR", "logger": "__main__", "message": "Unhandled exception at top-level", "module": "main", "function": "main", "line": 905, "exception": "Traceback (most recent call last):\n  File \"d:\\Du lieu o C\\Desktop\\The_Ritsu\\main.py\", line 253, in safe_init\n    return cls()\nTypeError: 'str' object is not callable\n\nDuring handling of the above exception, another exception occurred:\n\nTraceback (most recent call last):\n  File \"d:\\Du lieu o C\\Desktop\\The_Ritsu\\main.py\", line 901, in main\n    exit_code = asyncio.run(run(sys.argv[1:]))\n  File \"D:\\Coding ooo\\Lib\\asyncio\\runners.py\", line 195, in run\n    return runner.run(main)\n           ~~~~~~~~~~^^^^^^\n  File \"D:\\Coding ooo\\Lib\\asyncio\\runners.py\", line 118, in run\n    return self._loop.run_until_complete(task)\n           ~~~~~~~~~~~~~~~~~~~~~~~~~~~~~^^^^^^\n  File \"D:\\Coding ooo\\Lib\\asyncio\\base_events.py\", line 725, in run_until_complete\n    return future.result()\n           ~~~~~~~~~~~~~^^\n  File \"d:\\Du lieu o C\\Desktop\\The_Ritsu\\main.py\", line 787, in run\n    ctx = await bootstrap(args.get(\"config\"))\n          ^^^^^^^^^^^^^^^^^^^^^^^^^^^^^^^^^^^\n  File \"d:\\Du lieu o C\\Desktop\\The_Ritsu\\main.py\", line 350, in bootstrap\n    ctx.prompts = safe_init(\"PromptTemplates\", lambda: PromptTemplates() if PromptTemplates else None)\n                  ~~~~~~~~~^^^^^^^^^^^^^^^^^^^^^^^^^^^^^^^^^^^^^^^^^^^^^^^^^^^^^^^^^^^^^^^^^^^^^^^^^^^\n  File \"d:\\Du lieu o C\\Desktop\\The_Ritsu\\main.py\", line 257, in safe_init\n    logger.warning(f\"Failed to initialize {cls.__name__}: {e}\")\n                                           ^^^^^^^^^^^^\nAttributeError: 'str' object has no attribute '__name__'. Did you mean: '__ne__'?"}
{"timestamp": "2025-10-07 18:30:18", "level": "ERROR", "logger": "__main__", "message": "safe_init received None for cls", "module": "main", "function": "safe_init", "line": 229}
{"timestamp": "2025-10-07 18:30:18", "level": "ERROR", "logger": "__main__", "message": "Unhandled exception at top-level", "module": "main", "function": "main", "line": 905, "exception": "Traceback (most recent call last):\n  File \"d:\\Du lieu o C\\Desktop\\The_Ritsu\\main.py\", line 253, in safe_init\n    return cls()\nTypeError: 'str' object is not callable\n\nDuring handling of the above exception, another exception occurred:\n\nTraceback (most recent call last):\n  File \"d:\\Du lieu o C\\Desktop\\The_Ritsu\\main.py\", line 901, in main\n    exit_code = asyncio.run(run(sys.argv[1:]))\n  File \"D:\\Coding ooo\\Lib\\asyncio\\runners.py\", line 195, in run\n    return runner.run(main)\n           ~~~~~~~~~~^^^^^^\n  File \"D:\\Coding ooo\\Lib\\asyncio\\runners.py\", line 118, in run\n    return self._loop.run_until_complete(task)\n           ~~~~~~~~~~~~~~~~~~~~~~~~~~~~~^^^^^^\n  File \"D:\\Coding ooo\\Lib\\asyncio\\base_events.py\", line 725, in run_until_complete\n    return future.result()\n           ~~~~~~~~~~~~~^^\n  File \"d:\\Du lieu o C\\Desktop\\The_Ritsu\\main.py\", line 787, in run\n    ctx = await bootstrap(args.get(\"config\"))\n          ^^^^^^^^^^^^^^^^^^^^^^^^^^^^^^^^^^^\n  File \"d:\\Du lieu o C\\Desktop\\The_Ritsu\\main.py\", line 350, in bootstrap\n    ctx.prompts = safe_init(\"PromptTemplates\", lambda: PromptTemplates() if PromptTemplates else None)\n                  ~~~~~~~~~^^^^^^^^^^^^^^^^^^^^^^^^^^^^^^^^^^^^^^^^^^^^^^^^^^^^^^^^^^^^^^^^^^^^^^^^^^^\n  File \"d:\\Du lieu o C\\Desktop\\The_Ritsu\\main.py\", line 257, in safe_init\n    logger.warning(f\"Failed to initialize {cls.__name__}: {e}\")\n                                           ^^^^^^^^^^^^\nAttributeError: 'str' object has no attribute '__name__'. Did you mean: '__ne__'?"}
{"timestamp": "2025-10-07 18:30:20", "level": "ERROR", "logger": "__main__", "message": "safe_init received None for cls", "module": "main", "function": "safe_init", "line": 229}
{"timestamp": "2025-10-07 18:30:20", "level": "ERROR", "logger": "__main__", "message": "Unhandled exception at top-level", "module": "main", "function": "main", "line": 905, "exception": "Traceback (most recent call last):\n  File \"d:\\Du lieu o C\\Desktop\\The_Ritsu\\main.py\", line 253, in safe_init\n    return cls()\nTypeError: 'str' object is not callable\n\nDuring handling of the above exception, another exception occurred:\n\nTraceback (most recent call last):\n  File \"d:\\Du lieu o C\\Desktop\\The_Ritsu\\main.py\", line 901, in main\n    exit_code = asyncio.run(run(sys.argv[1:]))\n  File \"D:\\Coding ooo\\Lib\\asyncio\\runners.py\", line 195, in run\n    return runner.run(main)\n           ~~~~~~~~~~^^^^^^\n  File \"D:\\Coding ooo\\Lib\\asyncio\\runners.py\", line 118, in run\n    return self._loop.run_until_complete(task)\n           ~~~~~~~~~~~~~~~~~~~~~~~~~~~~~^^^^^^\n  File \"D:\\Coding ooo\\Lib\\asyncio\\base_events.py\", line 725, in run_until_complete\n    return future.result()\n           ~~~~~~~~~~~~~^^\n  File \"d:\\Du lieu o C\\Desktop\\The_Ritsu\\main.py\", line 787, in run\n    ctx = await bootstrap(args.get(\"config\"))\n          ^^^^^^^^^^^^^^^^^^^^^^^^^^^^^^^^^^^\n  File \"d:\\Du lieu o C\\Desktop\\The_Ritsu\\main.py\", line 350, in bootstrap\n    ctx.prompts = safe_init(\"PromptTemplates\", lambda: PromptTemplates() if PromptTemplates else None)\n                  ~~~~~~~~~^^^^^^^^^^^^^^^^^^^^^^^^^^^^^^^^^^^^^^^^^^^^^^^^^^^^^^^^^^^^^^^^^^^^^^^^^^^\n  File \"d:\\Du lieu o C\\Desktop\\The_Ritsu\\main.py\", line 257, in safe_init\n    logger.warning(f\"Failed to initialize {cls.__name__}: {e}\")\n                                           ^^^^^^^^^^^^\nAttributeError: 'str' object has no attribute '__name__'. Did you mean: '__ne__'?"}
{"timestamp": "2025-10-07 18:31:50", "level": "ERROR", "logger": "__main__", "message": "safe_init received None for cls", "module": "main", "function": "safe_init", "line": 229}
{"timestamp": "2025-10-07 18:31:50", "level": "ERROR", "logger": "__main__", "message": "Unhandled exception at top-level", "module": "main", "function": "main", "line": 905, "exception": "Traceback (most recent call last):\n  File \"d:\\Du lieu o C\\Desktop\\The_Ritsu\\main.py\", line 253, in safe_init\n    return cls()\nTypeError: 'str' object is not callable\n\nDuring handling of the above exception, another exception occurred:\n\nTraceback (most recent call last):\n  File \"d:\\Du lieu o C\\Desktop\\The_Ritsu\\main.py\", line 901, in main\n    exit_code = asyncio.run(run(sys.argv[1:]))\n  File \"D:\\Coding ooo\\Lib\\asyncio\\runners.py\", line 195, in run\n    return runner.run(main)\n           ~~~~~~~~~~^^^^^^\n  File \"D:\\Coding ooo\\Lib\\asyncio\\runners.py\", line 118, in run\n    return self._loop.run_until_complete(task)\n           ~~~~~~~~~~~~~~~~~~~~~~~~~~~~~^^^^^^\n  File \"D:\\Coding ooo\\Lib\\asyncio\\base_events.py\", line 725, in run_until_complete\n    return future.result()\n           ~~~~~~~~~~~~~^^\n  File \"d:\\Du lieu o C\\Desktop\\The_Ritsu\\main.py\", line 787, in run\n    ctx = await bootstrap(args.get(\"config\"))\n          ^^^^^^^^^^^^^^^^^^^^^^^^^^^^^^^^^^^\n  File \"d:\\Du lieu o C\\Desktop\\The_Ritsu\\main.py\", line 350, in bootstrap\n    ctx.prompts = safe_init(\"PromptTemplates\", lambda: PromptTemplates() if PromptTemplates else None)\n                  ~~~~~~~~~^^^^^^^^^^^^^^^^^^^^^^^^^^^^^^^^^^^^^^^^^^^^^^^^^^^^^^^^^^^^^^^^^^^^^^^^^^^\n  File \"d:\\Du lieu o C\\Desktop\\The_Ritsu\\main.py\", line 257, in safe_init\n    logger.warning(f\"Failed to initialize {cls.__name__}: {e}\")\n                                           ^^^^^^^^^^^^\nAttributeError: 'str' object has no attribute '__name__'. Did you mean: '__ne__'?"}
{"timestamp": "2025-10-07 18:32:34", "level": "ERROR", "logger": "__main__", "message": "safe_init received None for cls", "module": "main", "function": "safe_init", "line": 229}
{"timestamp": "2025-10-07 18:32:34", "level": "ERROR", "logger": "__main__", "message": "Unhandled exception at top-level", "module": "main", "function": "main", "line": 905, "exception": "Traceback (most recent call last):\n  File \"d:\\Du lieu o C\\Desktop\\The_Ritsu\\main.py\", line 253, in safe_init\n    return cls()\nTypeError: 'str' object is not callable\n\nDuring handling of the above exception, another exception occurred:\n\nTraceback (most recent call last):\n  File \"d:\\Du lieu o C\\Desktop\\The_Ritsu\\main.py\", line 901, in main\n    exit_code = asyncio.run(run(sys.argv[1:]))\n  File \"D:\\Coding ooo\\Lib\\asyncio\\runners.py\", line 195, in run\n    return runner.run(main)\n           ~~~~~~~~~~^^^^^^\n  File \"D:\\Coding ooo\\Lib\\asyncio\\runners.py\", line 118, in run\n    return self._loop.run_until_complete(task)\n           ~~~~~~~~~~~~~~~~~~~~~~~~~~~~~^^^^^^\n  File \"D:\\Coding ooo\\Lib\\asyncio\\base_events.py\", line 725, in run_until_complete\n    return future.result()\n           ~~~~~~~~~~~~~^^\n  File \"d:\\Du lieu o C\\Desktop\\The_Ritsu\\main.py\", line 787, in run\n    ctx = await bootstrap(args.get(\"config\"))\n          ^^^^^^^^^^^^^^^^^^^^^^^^^^^^^^^^^^^\n  File \"d:\\Du lieu o C\\Desktop\\The_Ritsu\\main.py\", line 350, in bootstrap\n    ctx.prompts = safe_init(\"PromptTemplates\", lambda: PromptTemplates() if PromptTemplates else None)\n                  ~~~~~~~~~^^^^^^^^^^^^^^^^^^^^^^^^^^^^^^^^^^^^^^^^^^^^^^^^^^^^^^^^^^^^^^^^^^^^^^^^^^^\n  File \"d:\\Du lieu o C\\Desktop\\The_Ritsu\\main.py\", line 257, in safe_init\n    logger.warning(f\"Failed to initialize {cls.__name__}: {e}\")\n                                           ^^^^^^^^^^^^\nAttributeError: 'str' object has no attribute '__name__'. Did you mean: '__ne__'?"}
{"timestamp": "2025-10-07 18:40:07", "level": "ERROR", "logger": "__main__", "message": "safe_init received None for cls", "module": "main", "function": "safe_init", "line": 229}
{"timestamp": "2025-10-07 18:40:07", "level": "ERROR", "logger": "__main__", "message": "safe_init received None for cls", "module": "main", "function": "safe_init", "line": 229}
{"timestamp": "2025-10-07 18:40:07", "level": "ERROR", "logger": "__main__", "message": "safe_init received None for cls", "module": "main", "function": "safe_init", "line": 229}
{"timestamp": "2025-10-07 18:40:07", "level": "ERROR", "logger": "__main__", "message": "safe_init received None for cls", "module": "main", "function": "safe_init", "line": 229}
{"timestamp": "2025-10-07 18:40:07", "level": "ERROR", "logger": "__main__", "message": "safe_init received None for cls", "module": "main", "function": "safe_init", "line": 229}
{"timestamp": "2025-10-07 18:40:07", "level": "ERROR", "logger": "__main__", "message": "safe_init received None for cls", "module": "main", "function": "safe_init", "line": 229}
{"timestamp": "2025-10-07 18:40:07", "level": "ERROR", "logger": "__main__", "message": "safe_init received None for cls", "module": "main", "function": "safe_init", "line": 229}
{"timestamp": "2025-10-07 18:40:07", "level": "ERROR", "logger": "__main__", "message": "Unhandled exception at top-level", "module": "main", "function": "main", "line": 892, "exception": "Traceback (most recent call last):\n  File \"d:\\Du lieu o C\\Desktop\\The_Ritsu\\main.py\", line 253, in safe_init\n    return cls()\nTypeError: 'str' object is not callable\n\nDuring handling of the above exception, another exception occurred:\n\nTraceback (most recent call last):\n  File \"d:\\Du lieu o C\\Desktop\\The_Ritsu\\main.py\", line 888, in main\n    exit_code = asyncio.run(run(sys.argv[1:]))\n  File \"D:\\Coding ooo\\Lib\\asyncio\\runners.py\", line 195, in run\n    return runner.run(main)\n           ~~~~~~~~~~^^^^^^\n  File \"D:\\Coding ooo\\Lib\\asyncio\\runners.py\", line 118, in run\n    return self._loop.run_until_complete(task)\n           ~~~~~~~~~~~~~~~~~~~~~~~~~~~~~^^^^^^\n  File \"D:\\Coding ooo\\Lib\\asyncio\\base_events.py\", line 725, in run_until_complete\n    return future.result()\n           ~~~~~~~~~~~~~^^\n  File \"d:\\Du lieu o C\\Desktop\\The_Ritsu\\main.py\", line 774, in run\n    ctx = await bootstrap(args.get(\"config\"))\n          ^^^^^^^^^^^^^^^^^^^^^^^^^^^^^^^^^^^\n  File \"d:\\Du lieu o C\\Desktop\\The_Ritsu\\main.py\", line 421, in bootstrap\n    add_enhanced_components(ctx, config)\n    ~~~~~~~~~~~~~~~~~~~~~~~^^^^^^^^^^^^^\n  File \"d:\\Du lieu o C\\Desktop\\The_Ritsu\\main.py\", line 262, in add_enhanced_components\n    ctx.performance_monitor = safe_init(\n                              ~~~~~~~~~^\n        \"PerformanceMonitor\",\n        ^^^^^^^^^^^^^^^^^^^^^\n        lambda: PerformanceMonitor(config=config.get(\"performance\", {})) if PerformanceMonitor else None,\n        ^^^^^^^^^^^^^^^^^^^^^^^^^^^^^^^^^^^^^^^^^^^^^^^^^^^^^^^^^^^^^^^^^^^^^^^^^^^^^^^^^^^^^^^^^^^^^^^^^\n    )\n    ^\n  File \"d:\\Du lieu o C\\Desktop\\The_Ritsu\\main.py\", line 257, in safe_init\n    logger.warning(f\"Failed to initialize {cls.__name__}: {e}\")\n                                           ^^^^^^^^^^^^\nAttributeError: 'str' object has no attribute '__name__'. Did you mean: '__ne__'?"}
{"timestamp": "2025-10-07 18:41:39", "level": "ERROR", "logger": "__main__", "message": "safe_init received invalid cls: None", "module": "main", "function": "safe_init", "line": 231}
{"timestamp": "2025-10-07 18:41:39", "level": "ERROR", "logger": "__main__", "message": "safe_init received invalid cls: None", "module": "main", "function": "safe_init", "line": 231}
{"timestamp": "2025-10-07 18:41:39", "level": "ERROR", "logger": "__main__", "message": "safe_init received invalid cls: None", "module": "main", "function": "safe_init", "line": 231}
{"timestamp": "2025-10-07 18:41:39", "level": "ERROR", "logger": "__main__", "message": "safe_init received invalid cls: None", "module": "main", "function": "safe_init", "line": 231}
{"timestamp": "2025-10-07 18:41:39", "level": "ERROR", "logger": "__main__", "message": "safe_init received invalid cls: <module 'input.stt' from 'd:\\\\Du lieu o C\\\\Desktop\\\\The_Ritsu\\\\input\\\\stt.py'>", "module": "main", "function": "safe_init", "line": 231}
{"timestamp": "2025-10-07 18:41:39", "level": "ERROR", "logger": "__main__", "message": "safe_init received invalid cls: None", "module": "main", "function": "safe_init", "line": 231}
{"timestamp": "2025-10-07 18:41:39", "level": "ERROR", "logger": "__main__", "message": "safe_init received invalid cls: <module 'output.tts' from 'd:\\\\Du lieu o C\\\\Desktop\\\\The_Ritsu\\\\output\\\\tts.py'>", "module": "main", "function": "safe_init", "line": 231}
{"timestamp": "2025-10-07 18:41:39", "level": "ERROR", "logger": "__main__", "message": "safe_init received invalid cls: None", "module": "main", "function": "safe_init", "line": 231}
{"timestamp": "2025-10-07 18:41:39", "level": "ERROR", "logger": "__main__", "message": "safe_init received invalid cls: None", "module": "main", "function": "safe_init", "line": 231}
{"timestamp": "2025-10-07 18:41:39", "level": "ERROR", "logger": "__main__", "message": "safe_init received invalid cls: 'PerformanceMonitor'", "module": "main", "function": "safe_init", "line": 231}
{"timestamp": "2025-10-07 18:41:39", "level": "ERROR", "logger": "__main__", "message": "safe_init received invalid cls: 'SecurityManager'", "module": "main", "function": "safe_init", "line": 231}
{"timestamp": "2025-10-07 18:41:39", "level": "ERROR", "logger": "__main__", "message": "safe_init received invalid cls: 'AutoUpdater'", "module": "main", "function": "safe_init", "line": 231}
{"timestamp": "2025-10-07 18:41:39", "level": "ERROR", "logger": "__main__", "message": "safe_init received invalid cls: 'PluginManager'", "module": "main", "function": "safe_init", "line": 231}
{"timestamp": "2025-10-07 18:41:39", "level": "ERROR", "logger": "__main__", "message": "safe_init received invalid cls: 'TaskScheduler'", "module": "main", "function": "safe_init", "line": 231}
{"timestamp": "2025-10-07 18:41:39", "level": "ERROR", "logger": "__main__", "message": "safe_init received invalid cls: 'HardwareMonitor'", "module": "main", "function": "safe_init", "line": 231}
{"timestamp": "2025-10-07 18:41:39", "level": "ERROR", "logger": "__main__", "message": "safe_init received invalid cls: 'SystemAnalyzer'", "module": "main", "function": "safe_init", "line": 231}
{"timestamp": "2025-10-07 18:41:39", "level": "ERROR", "logger": "__main__", "message": "safe_init received invalid cls: 'NetworkMonitor'", "module": "main", "function": "safe_init", "line": 231}
{"timestamp": "2025-10-07 18:41:39", "level": "ERROR", "logger": "__main__", "message": "safe_init received invalid cls: 'CodeReviewer'", "module": "main", "function": "safe_init", "line": 231}
{"timestamp": "2025-10-07 18:41:39", "level": "ERROR", "logger": "__main__", "message": "safe_init received invalid cls: 'TestGenerator'", "module": "main", "function": "safe_init", "line": 231}
{"timestamp": "2025-10-07 18:41:39", "level": "ERROR", "logger": "__main__", "message": "safe_init received invalid cls: 'DocumentationGenerator'", "module": "main", "function": "safe_init", "line": 231}
{"timestamp": "2025-10-07 18:41:52", "level": "ERROR", "logger": "__main__", "message": "Core loop iteration error", "module": "main", "function": "core_loop", "line": 567, "exception": "Traceback (most recent call last):\n  File \"d:\\Du lieu o C\\Desktop\\The_Ritsu\\main.py\", line 539, in core_loop\n    result = await ctx.executor.execute(plan, context=execution_context)\n                   ~~~~~~~~~~~~~~~~~~~~^^^^^^^^^^^^^^^^^^^^^^^^^^^^^^^^^\nTypeError: Executor.execute() got an unexpected keyword argument 'context'"}
{"timestamp": "2025-10-07 18:59:32", "level": "ERROR", "logger": "__main__", "message": "safe_init received invalid cls: None", "module": "main", "function": "safe_init", "line": 231}
{"timestamp": "2025-10-07 18:59:33", "level": "ERROR", "logger": "__main__", "message": "safe_init received invalid cls: None", "module": "main", "function": "safe_init", "line": 231}
{"timestamp": "2025-10-07 18:59:33", "level": "ERROR", "logger": "__main__", "message": "safe_init received invalid cls: None", "module": "main", "function": "safe_init", "line": 231}
{"timestamp": "2025-10-07 18:59:33", "level": "ERROR", "logger": "__main__", "message": "safe_init received invalid cls: None", "module": "main", "function": "safe_init", "line": 231}
{"timestamp": "2025-10-07 18:59:33", "level": "ERROR", "logger": "__main__", "message": "safe_init received invalid cls: <module 'input.stt' from 'd:\\\\Du lieu o C\\\\Desktop\\\\The_Ritsu\\\\input\\\\stt.py'>", "module": "main", "function": "safe_init", "line": 231}
{"timestamp": "2025-10-07 18:59:33", "level": "ERROR", "logger": "__main__", "message": "safe_init received invalid cls: None", "module": "main", "function": "safe_init", "line": 231}
{"timestamp": "2025-10-07 18:59:33", "level": "ERROR", "logger": "__main__", "message": "safe_init received invalid cls: <module 'output.tts' from 'd:\\\\Du lieu o C\\\\Desktop\\\\The_Ritsu\\\\output\\\\tts.py'>", "module": "main", "function": "safe_init", "line": 231}
{"timestamp": "2025-10-07 18:59:33", "level": "ERROR", "logger": "__main__", "message": "safe_init received invalid cls: None", "module": "main", "function": "safe_init", "line": 231}
{"timestamp": "2025-10-07 18:59:33", "level": "ERROR", "logger": "__main__", "message": "safe_init received invalid cls: None", "module": "main", "function": "safe_init", "line": 231}
{"timestamp": "2025-10-07 18:59:34", "level": "ERROR", "logger": "__main__", "message": "safe_init received invalid cls: 'PerformanceMonitor'", "module": "main", "function": "safe_init", "line": 231}
{"timestamp": "2025-10-07 18:59:34", "level": "ERROR", "logger": "__main__", "message": "safe_init received invalid cls: 'SecurityManager'", "module": "main", "function": "safe_init", "line": 231}
{"timestamp": "2025-10-07 18:59:34", "level": "ERROR", "logger": "__main__", "message": "safe_init received invalid cls: 'AutoUpdater'", "module": "main", "function": "safe_init", "line": 231}
{"timestamp": "2025-10-07 18:59:34", "level": "ERROR", "logger": "__main__", "message": "safe_init received invalid cls: 'PluginManager'", "module": "main", "function": "safe_init", "line": 231}
{"timestamp": "2025-10-07 18:59:34", "level": "ERROR", "logger": "__main__", "message": "safe_init received invalid cls: 'TaskScheduler'", "module": "main", "function": "safe_init", "line": 231}
{"timestamp": "2025-10-07 18:59:34", "level": "ERROR", "logger": "__main__", "message": "safe_init received invalid cls: 'HardwareMonitor'", "module": "main", "function": "safe_init", "line": 231}
{"timestamp": "2025-10-07 18:59:34", "level": "ERROR", "logger": "__main__", "message": "safe_init received invalid cls: 'SystemAnalyzer'", "module": "main", "function": "safe_init", "line": 231}
{"timestamp": "2025-10-07 18:59:34", "level": "ERROR", "logger": "__main__", "message": "safe_init received invalid cls: 'NetworkMonitor'", "module": "main", "function": "safe_init", "line": 231}
{"timestamp": "2025-10-07 18:59:34", "level": "ERROR", "logger": "__main__", "message": "safe_init received invalid cls: 'CodeReviewer'", "module": "main", "function": "safe_init", "line": 231}
{"timestamp": "2025-10-07 18:59:35", "level": "ERROR", "logger": "__main__", "message": "safe_init received invalid cls: 'TestGenerator'", "module": "main", "function": "safe_init", "line": 231}
{"timestamp": "2025-10-07 18:59:35", "level": "ERROR", "logger": "__main__", "message": "safe_init received invalid cls: 'DocumentationGenerator'", "module": "main", "function": "safe_init", "line": 231}
{"timestamp": "2025-10-07 18:59:44", "level": "ERROR", "logger": "__main__", "message": "Core loop iteration error", "module": "main", "function": "core_loop", "line": 567, "exception": "Traceback (most recent call last):\n  File \"d:\\Du lieu o C\\Desktop\\The_Ritsu\\main.py\", line 542, in core_loop\n    if result and result.get(\"status\") == \"failed\":\n                  ^^^^^^^^^^\nAttributeError: 'ExecutionResult' object has no attribute 'get'"}
{"timestamp": "2025-10-07 19:59:35", "level": "ERROR", "logger": "__main__", "message": "Maintenance loop crashed", "module": "main", "function": "maintenance_loop", "line": 485, "exception": "Traceback (most recent call last):\n  File \"d:\\Du lieu o C\\Desktop\\The_Ritsu\\main.py\", line 476, in maintenance_loop\n    await ctx.kb.auto_update()\n          ^^^^^^^^^^^^^^^^^^\nAttributeError: 'KnowledgeBase' object has no attribute 'auto_update'"}
{"timestamp": "2025-10-08 19:15:49", "level": "ERROR", "logger": "__main__", "message": "safe_init received invalid cls: None", "module": "main", "function": "safe_init", "line": 231}
{"timestamp": "2025-10-08 19:16:06", "level": "ERROR", "logger": "__main__", "message": "safe_init received invalid cls: None", "module": "main", "function": "safe_init", "line": 231}
{"timestamp": "2025-10-08 19:16:32", "level": "ERROR", "logger": "__main__", "message": "safe_init received invalid cls: None", "module": "main", "function": "safe_init", "line": 231}
{"timestamp": "2025-10-08 19:16:36", "level": "ERROR", "logger": "__main__", "message": "safe_init received invalid cls: None", "module": "main", "function": "safe_init", "line": 231}
{"timestamp": "2025-10-08 19:16:48", "level": "ERROR", "logger": "__main__", "message": "safe_init received invalid cls: <module 'input.stt' from 'D:\\\\Du lieu o C\\\\Desktop\\\\The_Ritsu\\\\input\\\\stt.py'>", "module": "main", "function": "safe_init", "line": 231}
{"timestamp": "2025-10-08 19:16:49", "level": "ERROR", "logger": "__main__", "message": "safe_init received invalid cls: None", "module": "main", "function": "safe_init", "line": 231}
{"timestamp": "2025-10-08 19:17:01", "level": "ERROR", "logger": "__main__", "message": "safe_init received invalid cls: <module 'output.tts' from 'D:\\\\Du lieu o C\\\\Desktop\\\\The_Ritsu\\\\output\\\\tts.py'>", "module": "main", "function": "safe_init", "line": 231}
{"timestamp": "2025-10-08 19:17:03", "level": "ERROR", "logger": "__main__", "message": "safe_init received invalid cls: None", "module": "main", "function": "safe_init", "line": 231}
{"timestamp": "2025-10-08 19:17:18", "level": "ERROR", "logger": "__main__", "message": "safe_init received invalid cls: None", "module": "main", "function": "safe_init", "line": 231}
{"timestamp": "2025-10-08 19:18:12", "level": "ERROR", "logger": "__main__", "message": "safe_init received invalid cls: 'PerformanceMonitor'", "module": "main", "function": "safe_init", "line": 231}
{"timestamp": "2025-10-08 19:18:12", "level": "ERROR", "logger": "__main__", "message": "safe_init received invalid cls: 'SecurityManager'", "module": "main", "function": "safe_init", "line": 231}
{"timestamp": "2025-10-08 19:18:12", "level": "ERROR", "logger": "__main__", "message": "safe_init received invalid cls: 'AutoUpdater'", "module": "main", "function": "safe_init", "line": 231}
{"timestamp": "2025-10-08 19:18:12", "level": "ERROR", "logger": "__main__", "message": "safe_init received invalid cls: 'PluginManager'", "module": "main", "function": "safe_init", "line": 231}
{"timestamp": "2025-10-08 19:18:12", "level": "ERROR", "logger": "__main__", "message": "safe_init received invalid cls: 'TaskScheduler'", "module": "main", "function": "safe_init", "line": 231}
{"timestamp": "2025-10-08 19:18:12", "level": "ERROR", "logger": "__main__", "message": "safe_init received invalid cls: 'HardwareMonitor'", "module": "main", "function": "safe_init", "line": 231}
{"timestamp": "2025-10-08 19:18:12", "level": "ERROR", "logger": "__main__", "message": "safe_init received invalid cls: 'SystemAnalyzer'", "module": "main", "function": "safe_init", "line": 231}
{"timestamp": "2025-10-08 19:18:12", "level": "ERROR", "logger": "__main__", "message": "safe_init received invalid cls: 'NetworkMonitor'", "module": "main", "function": "safe_init", "line": 231}
{"timestamp": "2025-10-08 19:18:12", "level": "ERROR", "logger": "__main__", "message": "safe_init received invalid cls: 'CodeReviewer'", "module": "main", "function": "safe_init", "line": 231}
{"timestamp": "2025-10-08 19:18:12", "level": "ERROR", "logger": "__main__", "message": "safe_init received invalid cls: 'TestGenerator'", "module": "main", "function": "safe_init", "line": 231}
{"timestamp": "2025-10-08 19:18:19", "level": "ERROR", "logger": "__main__", "message": "safe_init received invalid cls: 'DocumentationGenerator'", "module": "main", "function": "safe_init", "line": 231}
{"timestamp": "2025-10-08 19:26:39", "level": "ERROR", "logger": "__main__", "message": "Core loop iteration error", "module": "main", "function": "core_loop", "line": 567, "exception": "Traceback (most recent call last):\n  File \"D:\\Du lieu o C\\Desktop\\The_Ritsu\\main.py\", line 542, in core_loop\n    if result and result.get(\"status\") == \"failed\":\n                  ^^^^^^^^^^\nAttributeError: 'ExecutionResult' object has no attribute 'get'"}
{"timestamp": "2025-10-08 19:28:56", "level": "ERROR", "logger": "__main__", "message": "Core loop iteration error", "module": "main", "function": "core_loop", "line": 567, "exception": "Traceback (most recent call last):\n  File \"D:\\Du lieu o C\\Desktop\\The_Ritsu\\main.py\", line 542, in core_loop\n    if result and result.get(\"status\") == \"failed\":\n                  ^^^^^^^^^^\nAttributeError: 'ExecutionResult' object has no attribute 'get'"}
{"timestamp": "2025-10-08 19:36:40", "level": "ERROR", "logger": "__main__", "message": "Core loop iteration error", "module": "main", "function": "core_loop", "line": 567, "exception": "Traceback (most recent call last):\n  File \"D:\\Du lieu o C\\Desktop\\The_Ritsu\\main.py\", line 542, in core_loop\n    if result and result.get(\"status\") == \"failed\":\n                  ^^^^^^^^^^\nAttributeError: 'ExecutionResult' object has no attribute 'get'"}
{"timestamp": "2025-10-08 20:19:30", "level": "ERROR", "logger": "__main__", "message": "Maintenance loop crashed", "module": "main", "function": "maintenance_loop", "line": 485, "exception": "Traceback (most recent call last):\n  File \"D:\\Du lieu o C\\Desktop\\The_Ritsu\\main.py\", line 476, in maintenance_loop\n    await ctx.kb.auto_update()\n          ^^^^^^^^^^^^^^^^^^\nAttributeError: 'KnowledgeBase' object has no attribute 'auto_update'"}
{"timestamp": "2025-10-09 11:47:16", "level": "ERROR", "logger": "__main__", "message": "safe_init received invalid cls: None", "module": "main", "function": "safe_init", "line": 231}
{"timestamp": "2025-10-09 11:47:16", "level": "ERROR", "logger": "__main__", "message": "safe_init received invalid cls: None", "module": "main", "function": "safe_init", "line": 231}
{"timestamp": "2025-10-09 11:47:16", "level": "ERROR", "logger": "__main__", "message": "safe_init received invalid cls: None", "module": "main", "function": "safe_init", "line": 231}
{"timestamp": "2025-10-09 11:47:16", "level": "ERROR", "logger": "__main__", "message": "safe_init received invalid cls: None", "module": "main", "function": "safe_init", "line": 231}
{"timestamp": "2025-10-09 11:47:16", "level": "ERROR", "logger": "__main__", "message": "safe_init received invalid cls: <module 'input.stt' from 'd:\\\\Du lieu o C\\\\Desktop\\\\The_Ritsu\\\\input\\\\stt.py'>", "module": "main", "function": "safe_init", "line": 231}
{"timestamp": "2025-10-09 11:47:16", "level": "ERROR", "logger": "__main__", "message": "safe_init received invalid cls: None", "module": "main", "function": "safe_init", "line": 231}
{"timestamp": "2025-10-09 11:47:16", "level": "ERROR", "logger": "__main__", "message": "safe_init received invalid cls: <module 'output.tts' from 'd:\\\\Du lieu o C\\\\Desktop\\\\The_Ritsu\\\\output\\\\tts.py'>", "module": "main", "function": "safe_init", "line": 231}
{"timestamp": "2025-10-09 11:47:16", "level": "ERROR", "logger": "__main__", "message": "safe_init received invalid cls: None", "module": "main", "function": "safe_init", "line": 231}
{"timestamp": "2025-10-09 11:47:16", "level": "ERROR", "logger": "__main__", "message": "safe_init received invalid cls: None", "module": "main", "function": "safe_init", "line": 231}
{"timestamp": "2025-10-09 11:47:16", "level": "ERROR", "logger": "__main__", "message": "safe_init received invalid cls: 'PerformanceMonitor'", "module": "main", "function": "safe_init", "line": 231}
{"timestamp": "2025-10-09 11:47:16", "level": "ERROR", "logger": "__main__", "message": "safe_init received invalid cls: 'SecurityManager'", "module": "main", "function": "safe_init", "line": 231}
{"timestamp": "2025-10-09 11:47:16", "level": "ERROR", "logger": "__main__", "message": "safe_init received invalid cls: 'AutoUpdater'", "module": "main", "function": "safe_init", "line": 231}
{"timestamp": "2025-10-09 11:47:16", "level": "ERROR", "logger": "__main__", "message": "safe_init received invalid cls: 'PluginManager'", "module": "main", "function": "safe_init", "line": 231}
{"timestamp": "2025-10-09 11:47:16", "level": "ERROR", "logger": "__main__", "message": "safe_init received invalid cls: 'TaskScheduler'", "module": "main", "function": "safe_init", "line": 231}
{"timestamp": "2025-10-09 11:47:16", "level": "ERROR", "logger": "__main__", "message": "safe_init received invalid cls: 'HardwareMonitor'", "module": "main", "function": "safe_init", "line": 231}
{"timestamp": "2025-10-09 11:47:16", "level": "ERROR", "logger": "__main__", "message": "safe_init received invalid cls: 'SystemAnalyzer'", "module": "main", "function": "safe_init", "line": 231}
{"timestamp": "2025-10-09 11:47:16", "level": "ERROR", "logger": "__main__", "message": "safe_init received invalid cls: 'NetworkMonitor'", "module": "main", "function": "safe_init", "line": 231}
{"timestamp": "2025-10-09 11:47:16", "level": "ERROR", "logger": "__main__", "message": "safe_init received invalid cls: 'CodeReviewer'", "module": "main", "function": "safe_init", "line": 231}
{"timestamp": "2025-10-09 11:47:16", "level": "ERROR", "logger": "__main__", "message": "safe_init received invalid cls: 'TestGenerator'", "module": "main", "function": "safe_init", "line": 231}
{"timestamp": "2025-10-09 11:47:16", "level": "ERROR", "logger": "__main__", "message": "safe_init received invalid cls: 'DocumentationGenerator'", "module": "main", "function": "safe_init", "line": 231}
{"timestamp": "2025-10-09 11:48:52", "level": "ERROR", "logger": "__main__", "message": "Core loop iteration error", "module": "main", "function": "core_loop", "line": 581, "exception": "Traceback (most recent call last):\n  File \"d:\\Du lieu o C\\Desktop\\The_Ritsu\\main.py\", line 542, in core_loop\n    if result and result.get(\"status\") == \"failed\":\n                  ^^^^^^^^^^\nAttributeError: 'ExecutionResult' object has no attribute 'get'"}
{"timestamp": "2025-10-09 13:52:36", "level": "ERROR", "logger": "__main__", "message": "Maintenance loop crashed", "module": "main", "function": "maintenance_loop", "line": 485, "exception": "Traceback (most recent call last):\n  File \"d:\\Du lieu o C\\Desktop\\The_Ritsu\\main.py\", line 476, in maintenance_loop\n    await ctx.kb.auto_update()\n          ^^^^^^^^^^^^^^^^^^\nAttributeError: 'KnowledgeBase' object has no attribute 'auto_update'"}
{"timestamp": "2025-10-10 12:31:04", "level": "ERROR", "logger": "__main__", "message": "safe_init received invalid cls: None", "module": "main", "function": "safe_init", "line": 231}
{"timestamp": "2025-10-10 12:31:04", "level": "ERROR", "logger": "__main__", "message": "safe_init received invalid cls: None", "module": "main", "function": "safe_init", "line": 231}
{"timestamp": "2025-10-10 12:31:04", "level": "ERROR", "logger": "__main__", "message": "safe_init received invalid cls: None", "module": "main", "function": "safe_init", "line": 231}
{"timestamp": "2025-10-10 12:31:04", "level": "ERROR", "logger": "__main__", "message": "safe_init received invalid cls: None", "module": "main", "function": "safe_init", "line": 231}
{"timestamp": "2025-10-10 12:31:04", "level": "ERROR", "logger": "__main__", "message": "safe_init received invalid cls: <module 'input.stt' from 'd:\\\\Du lieu o C\\\\Desktop\\\\The_Ritsu\\\\input\\\\stt.py'>", "module": "main", "function": "safe_init", "line": 231}
{"timestamp": "2025-10-10 12:31:04", "level": "ERROR", "logger": "__main__", "message": "safe_init received invalid cls: None", "module": "main", "function": "safe_init", "line": 231}
{"timestamp": "2025-10-10 12:31:04", "level": "ERROR", "logger": "__main__", "message": "safe_init received invalid cls: <module 'output.tts' from 'd:\\\\Du lieu o C\\\\Desktop\\\\The_Ritsu\\\\output\\\\tts.py'>", "module": "main", "function": "safe_init", "line": 231}
{"timestamp": "2025-10-10 12:31:04", "level": "ERROR", "logger": "__main__", "message": "safe_init received invalid cls: None", "module": "main", "function": "safe_init", "line": 231}
{"timestamp": "2025-10-10 12:31:04", "level": "ERROR", "logger": "__main__", "message": "safe_init received invalid cls: None", "module": "main", "function": "safe_init", "line": 231}
{"timestamp": "2025-10-10 12:31:09", "level": "ERROR", "logger": "core.executor", "message": "Plan execution failed", "module": "executor", "function": "execute", "line": 285, "exception": "Traceback (most recent call last):\n  File \"d:\\Du lieu o C\\Desktop\\The_Ritsu\\core\\executor.py\", line 266, in execute\n    mem.save_event({\n    ^^^^^^^^^^^^^^\nAttributeError: 'MemoryManager' object has no attribute 'save_event'"}
{"timestamp": "2025-10-10 12:31:10", "level": "ERROR", "logger": "__main__", "message": "Failed to save to memory", "module": "main", "function": "core_loop", "line": 558, "exception": "Traceback (most recent call last):\n  File \"d:\\Du lieu o C\\Desktop\\The_Ritsu\\main.py\", line 556, in core_loop\n    await ctx.memory.save_event({\"plan\": plan, \"result\": result, \"timestamp\": time.time()})\n          ^^^^^^^^^^^^^^^^^^^^^\nAttributeError: 'MemoryManager' object has no attribute 'save_event'"}
{"timestamp": "2025-10-10 12:38:12", "level": "ERROR", "logger": "__main__", "message": "safe_init received invalid cls: None", "module": "main", "function": "safe_init", "line": 231}
{"timestamp": "2025-10-10 12:38:12", "level": "ERROR", "logger": "__main__", "message": "safe_init received invalid cls: None", "module": "main", "function": "safe_init", "line": 231}
{"timestamp": "2025-10-10 12:38:12", "level": "ERROR", "logger": "__main__", "message": "safe_init received invalid cls: None", "module": "main", "function": "safe_init", "line": 231}
{"timestamp": "2025-10-10 12:38:12", "level": "ERROR", "logger": "__main__", "message": "safe_init received invalid cls: None", "module": "main", "function": "safe_init", "line": 231}
{"timestamp": "2025-10-10 12:38:12", "level": "ERROR", "logger": "__main__", "message": "safe_init received invalid cls: <module 'input.stt' from 'd:\\\\Du lieu o C\\\\Desktop\\\\The_Ritsu\\\\input\\\\stt.py'>", "module": "main", "function": "safe_init", "line": 231}
{"timestamp": "2025-10-10 12:38:12", "level": "ERROR", "logger": "__main__", "message": "safe_init received invalid cls: None", "module": "main", "function": "safe_init", "line": 231}
{"timestamp": "2025-10-10 12:38:12", "level": "ERROR", "logger": "__main__", "message": "safe_init received invalid cls: <module 'output.tts' from 'd:\\\\Du lieu o C\\\\Desktop\\\\The_Ritsu\\\\output\\\\tts.py'>", "module": "main", "function": "safe_init", "line": 231}
{"timestamp": "2025-10-10 12:38:12", "level": "ERROR", "logger": "__main__", "message": "safe_init received invalid cls: None", "module": "main", "function": "safe_init", "line": 231}
{"timestamp": "2025-10-10 12:38:12", "level": "ERROR", "logger": "__main__", "message": "safe_init received invalid cls: None", "module": "main", "function": "safe_init", "line": 231}
{"timestamp": "2025-10-10 12:38:12", "level": "ERROR", "logger": "input.input_manager", "message": "Input source error", "module": "input_manager", "function": "_run_input_source", "line": 150}
{"timestamp": "2025-10-10 12:38:13", "level": "ERROR", "logger": "input.input_manager", "message": "Input source error", "module": "input_manager", "function": "_run_input_source", "line": 150}
{"timestamp": "2025-10-10 12:38:14", "level": "ERROR", "logger": "input.input_manager", "message": "Input source error", "module": "input_manager", "function": "_run_input_source", "line": 150}
{"timestamp": "2025-10-10 12:38:15", "level": "ERROR", "logger": "input.input_manager", "message": "Input source error", "module": "input_manager", "function": "_run_input_source", "line": 150}
{"timestamp": "2025-10-10 12:38:16", "level": "ERROR", "logger": "input.input_manager", "message": "Input source error", "module": "input_manager", "function": "_run_input_source", "line": 150}
{"timestamp": "2025-10-10 12:38:17", "level": "ERROR", "logger": "input.input_manager", "message": "Input source error", "module": "input_manager", "function": "_run_input_source", "line": 150}
{"timestamp": "2025-10-10 12:38:18", "level": "ERROR", "logger": "input.input_manager", "message": "Input source error", "module": "input_manager", "function": "_run_input_source", "line": 150}
{"timestamp": "2025-10-10 12:38:19", "level": "ERROR", "logger": "input.input_manager", "message": "Input source error", "module": "input_manager", "function": "_run_input_source", "line": 150}
{"timestamp": "2025-10-10 12:38:20", "level": "ERROR", "logger": "input.input_manager", "message": "Input source error", "module": "input_manager", "function": "_run_input_source", "line": 150}
{"timestamp": "2025-10-10 12:38:21", "level": "ERROR", "logger": "input.input_manager", "message": "Input source error", "module": "input_manager", "function": "_run_input_source", "line": 150}
{"timestamp": "2025-10-10 12:38:22", "level": "ERROR", "logger": "input.input_manager", "message": "Input source error", "module": "input_manager", "function": "_run_input_source", "line": 150}
{"timestamp": "2025-10-10 12:38:24", "level": "ERROR", "logger": "input.input_manager", "message": "Input source error", "module": "input_manager", "function": "_run_input_source", "line": 150}
{"timestamp": "2025-10-10 12:38:25", "level": "ERROR", "logger": "input.input_manager", "message": "Input source error", "module": "input_manager", "function": "_run_input_source", "line": 150}
{"timestamp": "2025-10-10 12:38:26", "level": "ERROR", "logger": "input.input_manager", "message": "Input source error", "module": "input_manager", "function": "_run_input_source", "line": 150}
{"timestamp": "2025-10-10 12:38:27", "level": "ERROR", "logger": "input.input_manager", "message": "Input source error", "module": "input_manager", "function": "_run_input_source", "line": 150}
{"timestamp": "2025-10-10 12:38:28", "level": "ERROR", "logger": "input.input_manager", "message": "Input source error", "module": "input_manager", "function": "_run_input_source", "line": 150}
{"timestamp": "2025-10-10 12:38:29", "level": "ERROR", "logger": "input.input_manager", "message": "Input source error", "module": "input_manager", "function": "_run_input_source", "line": 150}
{"timestamp": "2025-10-10 12:38:30", "level": "ERROR", "logger": "input.input_manager", "message": "Input source error", "module": "input_manager", "function": "_run_input_source", "line": 150}
{"timestamp": "2025-10-10 12:38:31", "level": "ERROR", "logger": "input.input_manager", "message": "Input source error", "module": "input_manager", "function": "_run_input_source", "line": 150}
{"timestamp": "2025-10-10 12:38:32", "level": "ERROR", "logger": "input.input_manager", "message": "Input source error", "module": "input_manager", "function": "_run_input_source", "line": 150}
{"timestamp": "2025-10-10 12:38:34", "level": "ERROR", "logger": "input.input_manager", "message": "Input source error", "module": "input_manager", "function": "_run_input_source", "line": 150}
{"timestamp": "2025-10-10 12:38:35", "level": "ERROR", "logger": "input.input_manager", "message": "Input source error", "module": "input_manager", "function": "_run_input_source", "line": 150}
{"timestamp": "2025-10-10 12:38:36", "level": "ERROR", "logger": "input.input_manager", "message": "Input source error", "module": "input_manager", "function": "_run_input_source", "line": 150}
{"timestamp": "2025-10-10 12:38:37", "level": "ERROR", "logger": "input.input_manager", "message": "Input source error", "module": "input_manager", "function": "_run_input_source", "line": 150}
{"timestamp": "2025-10-10 12:38:38", "level": "ERROR", "logger": "input.input_manager", "message": "Input source error", "module": "input_manager", "function": "_run_input_source", "line": 150}
{"timestamp": "2025-10-10 12:38:39", "level": "ERROR", "logger": "input.input_manager", "message": "Input source error", "module": "input_manager", "function": "_run_input_source", "line": 150}
{"timestamp": "2025-10-10 17:42:28", "level": "ERROR", "logger": "__main__", "message": "safe_init received invalid cls: None", "module": "main", "function": "safe_init", "line": 231}
{"timestamp": "2025-10-10 17:42:28", "level": "ERROR", "logger": "__main__", "message": "safe_init received invalid cls: None", "module": "main", "function": "safe_init", "line": 231}
{"timestamp": "2025-10-10 17:42:28", "level": "ERROR", "logger": "__main__", "message": "safe_init received invalid cls: None", "module": "main", "function": "safe_init", "line": 231}
{"timestamp": "2025-10-10 17:42:28", "level": "ERROR", "logger": "__main__", "message": "safe_init received invalid cls: None", "module": "main", "function": "safe_init", "line": 231}
{"timestamp": "2025-10-10 17:42:28", "level": "ERROR", "logger": "__main__", "message": "safe_init received invalid cls: <module 'input.stt' from 'd:\\\\Du lieu o C\\\\Desktop\\\\The_Ritsu\\\\input\\\\stt.py'>", "module": "main", "function": "safe_init", "line": 231}
{"timestamp": "2025-10-10 17:42:28", "level": "ERROR", "logger": "__main__", "message": "safe_init received invalid cls: None", "module": "main", "function": "safe_init", "line": 231}
{"timestamp": "2025-10-10 17:42:28", "level": "ERROR", "logger": "__main__", "message": "safe_init received invalid cls: <module 'output.tts' from 'd:\\\\Du lieu o C\\\\Desktop\\\\The_Ritsu\\\\output\\\\tts.py'>", "module": "main", "function": "safe_init", "line": 231}
{"timestamp": "2025-10-10 17:42:28", "level": "ERROR", "logger": "__main__", "message": "safe_init received invalid cls: None", "module": "main", "function": "safe_init", "line": 231}
{"timestamp": "2025-10-10 17:42:28", "level": "ERROR", "logger": "__main__", "message": "safe_init received invalid cls: None", "module": "main", "function": "safe_init", "line": 231}
{"timestamp": "2025-10-10 17:42:28", "level": "ERROR", "logger": "input.input_manager", "message": "Input source error", "module": "input_manager", "function": "_run_input_source", "line": 150}
{"timestamp": "2025-10-10 17:42:29", "level": "ERROR", "logger": "input.input_manager", "message": "Input source error", "module": "input_manager", "function": "_run_input_source", "line": 150}
{"timestamp": "2025-10-10 17:42:30", "level": "ERROR", "logger": "input.input_manager", "message": "Input source error", "module": "input_manager", "function": "_run_input_source", "line": 150}
{"timestamp": "2025-10-10 17:42:31", "level": "ERROR", "logger": "input.input_manager", "message": "Input source error", "module": "input_manager", "function": "_run_input_source", "line": 150}
{"timestamp": "2025-10-10 17:42:32", "level": "ERROR", "logger": "input.input_manager", "message": "Input source error", "module": "input_manager", "function": "_run_input_source", "line": 150}
{"timestamp": "2025-10-10 20:06:38", "level": "ERROR", "logger": "__main__", "message": "safe_init received invalid cls: None", "module": "main", "function": "safe_init", "line": 231}
{"timestamp": "2025-10-10 20:06:38", "level": "ERROR", "logger": "__main__", "message": "safe_init received invalid cls: None", "module": "main", "function": "safe_init", "line": 231}
{"timestamp": "2025-10-10 20:06:38", "level": "ERROR", "logger": "__main__", "message": "safe_init received invalid cls: None", "module": "main", "function": "safe_init", "line": 231}
{"timestamp": "2025-10-10 20:06:38", "level": "ERROR", "logger": "__main__", "message": "safe_init received invalid cls: None", "module": "main", "function": "safe_init", "line": 231}
{"timestamp": "2025-10-10 20:06:38", "level": "ERROR", "logger": "__main__", "message": "safe_init received invalid cls: <module 'input.stt' from 'd:\\\\Du lieu o C\\\\Desktop\\\\The_Ritsu\\\\input\\\\stt.py'>", "module": "main", "function": "safe_init", "line": 231}
{"timestamp": "2025-10-10 20:06:38", "level": "ERROR", "logger": "__main__", "message": "safe_init received invalid cls: None", "module": "main", "function": "safe_init", "line": 231}
{"timestamp": "2025-10-10 20:06:38", "level": "ERROR", "logger": "__main__", "message": "safe_init received invalid cls: <module 'output.tts' from 'd:\\\\Du lieu o C\\\\Desktop\\\\The_Ritsu\\\\output\\\\tts.py'>", "module": "main", "function": "safe_init", "line": 231}
{"timestamp": "2025-10-10 20:06:38", "level": "ERROR", "logger": "__main__", "message": "safe_init received invalid cls: None", "module": "main", "function": "safe_init", "line": 231}
{"timestamp": "2025-10-10 20:06:38", "level": "ERROR", "logger": "__main__", "message": "safe_init received invalid cls: None", "module": "main", "function": "safe_init", "line": 231}
{"timestamp": "2025-10-10 20:06:38", "level": "ERROR", "logger": "input.input_manager", "message": "Input source error", "module": "input_manager", "function": "_run_input_source", "line": 150}
{"timestamp": "2025-10-10 20:06:39", "level": "ERROR", "logger": "input.input_manager", "message": "Input source error", "module": "input_manager", "function": "_run_input_source", "line": 150}
{"timestamp": "2025-10-10 20:06:40", "level": "ERROR", "logger": "input.input_manager", "message": "Input source error", "module": "input_manager", "function": "_run_input_source", "line": 150}
{"timestamp": "2025-10-10 20:06:41", "level": "ERROR", "logger": "input.input_manager", "message": "Input source error", "module": "input_manager", "function": "_run_input_source", "line": 150}
{"timestamp": "2025-10-10 20:06:42", "level": "ERROR", "logger": "input.input_manager", "message": "Input source error", "module": "input_manager", "function": "_run_input_source", "line": 150}
{"timestamp": "2025-10-10 20:06:43", "level": "ERROR", "logger": "input.input_manager", "message": "Input source error", "module": "input_manager", "function": "_run_input_source", "line": 150}
{"timestamp": "2025-10-10 20:06:44", "level": "ERROR", "logger": "input.input_manager", "message": "Input source error", "module": "input_manager", "function": "_run_input_source", "line": 150}
{"timestamp": "2025-10-10 20:06:45", "level": "ERROR", "logger": "input.input_manager", "message": "Input source error", "module": "input_manager", "function": "_run_input_source", "line": 150}
{"timestamp": "2025-10-10 20:06:46", "level": "ERROR", "logger": "input.input_manager", "message": "Input source error", "module": "input_manager", "function": "_run_input_source", "line": 150}
{"timestamp": "2025-10-10 20:06:47", "level": "ERROR", "logger": "input.input_manager", "message": "Input source error", "module": "input_manager", "function": "_run_input_source", "line": 150}
{"timestamp": "2025-10-10 20:06:48", "level": "ERROR", "logger": "input.input_manager", "message": "Input source error", "module": "input_manager", "function": "_run_input_source", "line": 150}
{"timestamp": "2025-10-10 20:06:49", "level": "ERROR", "logger": "input.input_manager", "message": "Input source error", "module": "input_manager", "function": "_run_input_source", "line": 150}
{"timestamp": "2025-10-10 20:06:50", "level": "ERROR", "logger": "input.input_manager", "message": "Input source error", "module": "input_manager", "function": "_run_input_source", "line": 150}
{"timestamp": "2025-10-10 20:06:51", "level": "ERROR", "logger": "input.input_manager", "message": "Input source error", "module": "input_manager", "function": "_run_input_source", "line": 150}
{"timestamp": "2025-10-10 20:06:52", "level": "ERROR", "logger": "input.input_manager", "message": "Input source error", "module": "input_manager", "function": "_run_input_source", "line": 150}
{"timestamp": "2025-10-10 20:06:53", "level": "ERROR", "logger": "input.input_manager", "message": "Input source error", "module": "input_manager", "function": "_run_input_source", "line": 150}
{"timestamp": "2025-10-10 20:06:54", "level": "ERROR", "logger": "input.input_manager", "message": "Input source error", "module": "input_manager", "function": "_run_input_source", "line": 150}
{"timestamp": "2025-10-10 20:06:55", "level": "ERROR", "logger": "input.input_manager", "message": "Input source error", "module": "input_manager", "function": "_run_input_source", "line": 150}
{"timestamp": "2025-10-10 20:14:48", "level": "ERROR", "logger": "__main__", "message": "safe_init received invalid cls: None", "module": "main", "function": "safe_init", "line": 231}
{"timestamp": "2025-10-10 20:14:48", "level": "ERROR", "logger": "__main__", "message": "safe_init received invalid cls: None", "module": "main", "function": "safe_init", "line": 231}
{"timestamp": "2025-10-10 20:14:48", "level": "ERROR", "logger": "__main__", "message": "safe_init received invalid cls: None", "module": "main", "function": "safe_init", "line": 231}
{"timestamp": "2025-10-10 20:14:48", "level": "ERROR", "logger": "__main__", "message": "safe_init received invalid cls: None", "module": "main", "function": "safe_init", "line": 231}
{"timestamp": "2025-10-10 20:14:48", "level": "ERROR", "logger": "__main__", "message": "safe_init received invalid cls: <module 'input.stt' from 'd:\\\\Du lieu o C\\\\Desktop\\\\The_Ritsu\\\\input\\\\stt.py'>", "module": "main", "function": "safe_init", "line": 231}
{"timestamp": "2025-10-10 20:14:48", "level": "ERROR", "logger": "__main__", "message": "safe_init received invalid cls: None", "module": "main", "function": "safe_init", "line": 231}
{"timestamp": "2025-10-10 20:14:48", "level": "ERROR", "logger": "__main__", "message": "safe_init received invalid cls: <module 'output.tts' from 'd:\\\\Du lieu o C\\\\Desktop\\\\The_Ritsu\\\\output\\\\tts.py'>", "module": "main", "function": "safe_init", "line": 231}
{"timestamp": "2025-10-10 20:14:48", "level": "ERROR", "logger": "__main__", "message": "safe_init received invalid cls: None", "module": "main", "function": "safe_init", "line": 231}
{"timestamp": "2025-10-10 20:14:48", "level": "ERROR", "logger": "__main__", "message": "safe_init received invalid cls: None", "module": "main", "function": "safe_init", "line": 231}
{"timestamp": "2025-10-10 20:48:55", "level": "ERROR", "logger": "core.executor", "message": "Plan execution failed", "module": "executor", "function": "execute", "line": 285, "exception": "Traceback (most recent call last):\n  File \"d:\\Du lieu o C\\Desktop\\The_Ritsu\\core\\executor.py\", line 266, in execute\n    mem.save_event({\n    ^^^^^^^^^^^^^^\nAttributeError: 'MemoryManager' object has no attribute 'save_event'"}
{"timestamp": "2025-10-10 20:48:55", "level": "ERROR", "logger": "__main__", "message": "Failed to save to memory", "module": "main", "function": "core_loop", "line": 558, "exception": "Traceback (most recent call last):\n  File \"d:\\Du lieu o C\\Desktop\\The_Ritsu\\main.py\", line 556, in core_loop\n    await ctx.memory.save_event({\"plan\": plan, \"result\": result, \"timestamp\": time.time()})\n          ^^^^^^^^^^^^^^^^^^^^^\nAttributeError: 'MemoryManager' object has no attribute 'save_event'"}
{"timestamp": "2025-10-10 20:49:06", "level": "ERROR", "logger": "core.executor", "message": "Plan execution failed", "module": "executor", "function": "execute", "line": 285, "exception": "Traceback (most recent call last):\n  File \"d:\\Du lieu o C\\Desktop\\The_Ritsu\\core\\executor.py\", line 266, in execute\n    mem.save_event({\n    ^^^^^^^^^^^^^^\nAttributeError: 'MemoryManager' object has no attribute 'save_event'"}
{"timestamp": "2025-10-10 20:49:06", "level": "ERROR", "logger": "__main__", "message": "Failed to save to memory", "module": "main", "function": "core_loop", "line": 558, "exception": "Traceback (most recent call last):\n  File \"d:\\Du lieu o C\\Desktop\\The_Ritsu\\main.py\", line 556, in core_loop\n    await ctx.memory.save_event({\"plan\": plan, \"result\": result, \"timestamp\": time.time()})\n          ^^^^^^^^^^^^^^^^^^^^^\nAttributeError: 'MemoryManager' object has no attribute 'save_event'"}
{"timestamp": "2025-10-10 20:49:17", "level": "ERROR", "logger": "core.executor", "message": "Plan execution failed", "module": "executor", "function": "execute", "line": 285, "exception": "Traceback (most recent call last):\n  File \"d:\\Du lieu o C\\Desktop\\The_Ritsu\\core\\executor.py\", line 266, in execute\n    mem.save_event({\n    ^^^^^^^^^^^^^^\nAttributeError: 'MemoryManager' object has no attribute 'save_event'"}
{"timestamp": "2025-10-10 20:49:17", "level": "ERROR", "logger": "__main__", "message": "Failed to save to memory", "module": "main", "function": "core_loop", "line": 558, "exception": "Traceback (most recent call last):\n  File \"d:\\Du lieu o C\\Desktop\\The_Ritsu\\main.py\", line 556, in core_loop\n    await ctx.memory.save_event({\"plan\": plan, \"result\": result, \"timestamp\": time.time()})\n          ^^^^^^^^^^^^^^^^^^^^^\nAttributeError: 'MemoryManager' object has no attribute 'save_event'"}
{"timestamp": "2025-10-10 20:49:25", "level": "ERROR", "logger": "core.executor", "message": "Plan execution failed", "module": "executor", "function": "execute", "line": 285, "exception": "Traceback (most recent call last):\n  File \"d:\\Du lieu o C\\Desktop\\The_Ritsu\\core\\executor.py\", line 266, in execute\n    mem.save_event({\n    ^^^^^^^^^^^^^^\nAttributeError: 'MemoryManager' object has no attribute 'save_event'"}
{"timestamp": "2025-10-10 20:49:25", "level": "ERROR", "logger": "__main__", "message": "Failed to save to memory", "module": "main", "function": "core_loop", "line": 558, "exception": "Traceback (most recent call last):\n  File \"d:\\Du lieu o C\\Desktop\\The_Ritsu\\main.py\", line 556, in core_loop\n    await ctx.memory.save_event({\"plan\": plan, \"result\": result, \"timestamp\": time.time()})\n          ^^^^^^^^^^^^^^^^^^^^^\nAttributeError: 'MemoryManager' object has no attribute 'save_event'"}
{"timestamp": "2025-10-10 21:51:35", "level": "ERROR", "logger": "__main__", "message": "safe_init received invalid cls: None", "module": "main", "function": "safe_init", "line": 231}
{"timestamp": "2025-10-10 21:51:35", "level": "ERROR", "logger": "__main__", "message": "safe_init received invalid cls: 'You are Ritsu, a technical AI assistant. Be helpful, concise, and accurate.'", "module": "main", "function": "safe_init", "line": 231}
{"timestamp": "2025-10-10 21:51:35", "level": "ERROR", "logger": "__main__", "message": "safe_init received invalid cls: None", "module": "main", "function": "safe_init", "line": 231}
{"timestamp": "2025-10-10 21:51:35", "level": "ERROR", "logger": "__main__", "message": "safe_init received invalid cls: None", "module": "main", "function": "safe_init", "line": 231}
{"timestamp": "2025-10-10 21:51:35", "level": "ERROR", "logger": "__main__", "message": "safe_init received invalid cls: <module 'input.stt' from 'd:\\\\Du lieu o C\\\\Desktop\\\\The_Ritsu\\\\input\\\\stt.py'>", "module": "main", "function": "safe_init", "line": 231}
{"timestamp": "2025-10-10 21:51:35", "level": "ERROR", "logger": "__main__", "message": "safe_init received invalid cls: <module 'output.tts' from 'd:\\\\Du lieu o C\\\\Desktop\\\\The_Ritsu\\\\output\\\\tts.py'>", "module": "main", "function": "safe_init", "line": 231}
{"timestamp": "2025-10-10 21:51:35", "level": "ERROR", "logger": "__main__", "message": "safe_init received invalid cls: None", "module": "main", "function": "safe_init", "line": 231}
{"timestamp": "2025-10-10 21:51:35", "level": "ERROR", "logger": "__main__", "message": "safe_init received invalid cls: None", "module": "main", "function": "safe_init", "line": 231}
{"timestamp": "2025-10-10 21:51:52", "level": "ERROR", "logger": "core.executor", "message": "Plan execution failed", "module": "executor", "function": "execute", "line": 285, "exception": "Traceback (most recent call last):\n  File \"d:\\Du lieu o C\\Desktop\\The_Ritsu\\core\\executor.py\", line 266, in execute\n    mem.save_event({\n    ^^^^^^^^^^^^^^\nAttributeError: 'MemoryManager' object has no attribute 'save_event'"}
{"timestamp": "2025-10-10 21:51:52", "level": "ERROR", "logger": "__main__", "message": "Failed to save to memory", "module": "main", "function": "core_loop", "line": 558, "exception": "Traceback (most recent call last):\n  File \"d:\\Du lieu o C\\Desktop\\The_Ritsu\\main.py\", line 556, in core_loop\n    await ctx.memory.save_event({\"plan\": plan, \"result\": result, \"timestamp\": time.time()})\n          ^^^^^^^^^^^^^^^^^^^^^\nAttributeError: 'MemoryManager' object has no attribute 'save_event'"}
{"timestamp": "2025-10-10 21:52:42", "level": "ERROR", "logger": "__main__", "message": "safe_init received invalid cls: None", "module": "main", "function": "safe_init", "line": 231}
{"timestamp": "2025-10-10 21:52:42", "level": "ERROR", "logger": "__main__", "message": "safe_init received invalid cls: 'You are Ritsu, a technical AI assistant. Be helpful, concise, and accurate.'", "module": "main", "function": "safe_init", "line": 231}
{"timestamp": "2025-10-10 21:52:42", "level": "ERROR", "logger": "__main__", "message": "safe_init received invalid cls: None", "module": "main", "function": "safe_init", "line": 231}
{"timestamp": "2025-10-10 21:52:42", "level": "ERROR", "logger": "__main__", "message": "safe_init received invalid cls: None", "module": "main", "function": "safe_init", "line": 231}
{"timestamp": "2025-10-10 21:52:42", "level": "ERROR", "logger": "__main__", "message": "safe_init received invalid cls: <module 'input.stt' from 'D:\\\\Du lieu o C\\\\Desktop\\\\The_Ritsu\\\\input\\\\stt.py'>", "module": "main", "function": "safe_init", "line": 231}
{"timestamp": "2025-10-10 21:52:42", "level": "ERROR", "logger": "__main__", "message": "safe_init received invalid cls: <module 'output.tts' from 'D:\\\\Du lieu o C\\\\Desktop\\\\The_Ritsu\\\\output\\\\tts.py'>", "module": "main", "function": "safe_init", "line": 231}
{"timestamp": "2025-10-10 21:52:42", "level": "ERROR", "logger": "__main__", "message": "safe_init received invalid cls: None", "module": "main", "function": "safe_init", "line": 231}
{"timestamp": "2025-10-10 21:52:42", "level": "ERROR", "logger": "__main__", "message": "safe_init received invalid cls: None", "module": "main", "function": "safe_init", "line": 231}
{"timestamp": "2025-10-10 21:53:00", "level": "ERROR", "logger": "core.executor", "message": "Plan execution failed", "module": "executor", "function": "execute", "line": 285, "exception": "Traceback (most recent call last):\n  File \"D:\\Du lieu o C\\Desktop\\The_Ritsu\\core\\executor.py\", line 266, in execute\n    mem.save_event({\n    ^^^^^^^^^^^^^^\nAttributeError: 'MemoryManager' object has no attribute 'save_event'"}
{"timestamp": "2025-10-10 21:53:00", "level": "ERROR", "logger": "__main__", "message": "Failed to save to memory", "module": "main", "function": "core_loop", "line": 558, "exception": "Traceback (most recent call last):\n  File \"D:\\Du lieu o C\\Desktop\\The_Ritsu\\main.py\", line 556, in core_loop\n    await ctx.memory.save_event({\"plan\": plan, \"result\": result, \"timestamp\": time.time()})\n          ^^^^^^^^^^^^^^^^^^^^^\nAttributeError: 'MemoryManager' object has no attribute 'save_event'"}
{"timestamp": "2025-10-10 21:53:11", "level": "ERROR", "logger": "core.executor", "message": "Plan execution failed", "module": "executor", "function": "execute", "line": 285, "exception": "Traceback (most recent call last):\n  File \"D:\\Du lieu o C\\Desktop\\The_Ritsu\\core\\executor.py\", line 266, in execute\n    mem.save_event({\n    ^^^^^^^^^^^^^^\nAttributeError: 'MemoryManager' object has no attribute 'save_event'"}
{"timestamp": "2025-10-10 21:53:11", "level": "ERROR", "logger": "__main__", "message": "Failed to save to memory", "module": "main", "function": "core_loop", "line": 558, "exception": "Traceback (most recent call last):\n  File \"D:\\Du lieu o C\\Desktop\\The_Ritsu\\main.py\", line 556, in core_loop\n    await ctx.memory.save_event({\"plan\": plan, \"result\": result, \"timestamp\": time.time()})\n          ^^^^^^^^^^^^^^^^^^^^^\nAttributeError: 'MemoryManager' object has no attribute 'save_event'"}
{"timestamp": "2025-10-10 21:55:24", "level": "ERROR", "logger": "__main__", "message": "safe_init received invalid cls: None", "module": "main", "function": "safe_init", "line": 231}
{"timestamp": "2025-10-10 21:55:24", "level": "ERROR", "logger": "__main__", "message": "safe_init received invalid cls: 'You are Ritsu, a technical AI assistant. Be helpful, concise, and accurate.'", "module": "main", "function": "safe_init", "line": 231}
{"timestamp": "2025-10-10 21:55:24", "level": "ERROR", "logger": "__main__", "message": "safe_init received invalid cls: None", "module": "main", "function": "safe_init", "line": 231}
{"timestamp": "2025-10-10 21:55:24", "level": "ERROR", "logger": "__main__", "message": "safe_init received invalid cls: None", "module": "main", "function": "safe_init", "line": 231}
{"timestamp": "2025-10-10 21:55:24", "level": "ERROR", "logger": "__main__", "message": "safe_init received invalid cls: <module 'input.stt' from 'D:\\\\Du lieu o C\\\\Desktop\\\\The_Ritsu\\\\input\\\\stt.py'>", "module": "main", "function": "safe_init", "line": 231}
{"timestamp": "2025-10-10 21:55:24", "level": "ERROR", "logger": "__main__", "message": "safe_init received invalid cls: <module 'output.tts' from 'D:\\\\Du lieu o C\\\\Desktop\\\\The_Ritsu\\\\output\\\\tts.py'>", "module": "main", "function": "safe_init", "line": 231}
{"timestamp": "2025-10-10 21:55:24", "level": "ERROR", "logger": "__main__", "message": "safe_init received invalid cls: None", "module": "main", "function": "safe_init", "line": 231}
{"timestamp": "2025-10-10 21:55:24", "level": "ERROR", "logger": "__main__", "message": "safe_init received invalid cls: None", "module": "main", "function": "safe_init", "line": 231}
